2019-10-25 03:57:04 +0000  Initial pipeline context: <IDEDistributionProcessingPipelineContext: 0x7ff177287da0; archive(resolved)='<IDEArchive: 0x7ff171084390>', distributionTask(resolved)='2', distributionDestination(resolved)='1', distributionMethod(resolved)='<IDEDistributionMethodDeveloperID: 0x7ff18e28e620>', team(resolved)='<IDEProvisioningDisambiguatableBasicTeam: 0x7ff18bb401c0; teamID='HEQGGF6N89', teamName='Orange electronic', teamType='Company', username='orangeapp@orange-electronic.com', isFreeProvisioningTeam='0'>'>
	Chain (11, self inclusive):
	<IDEDistributionProcessingPipelineContext: 0x7ff177287da0; archive = '<IDEArchive: 0x7ff171084390>', distributionMethod='<IDEDistributionMethodDeveloperID: 0x7ff18e28e620>', team='<IDEProvisioningDisambiguatableBasicTeam: 0x7ff18bb401c0; teamID='HEQGGF6N89', teamName='Orange electronic', teamType='Company', username='orangeapp@orange-electronic.com', isFreeProvisioningTeam='0'>'>
	<IDEDistributionProcessingPipelineContext: 0x7ff176de6310; archive = '<IDEArchive: 0x7ff171084390>', distributionMethod='<IDEDistributionMethodDeveloperID: 0x7ff18e28e620>', team='<IDEProvisioningDisambiguatableBasicTeam: 0x7ff18bb401c0; teamID='HEQGGF6N89', teamName='Orange electronic', teamType='Company', username='orangeapp@orange-electronic.com', isFreeProvisioningTeam='0'>'>
	<IDEDistributionContext: 0x7ff17d3554e0; archive = '<IDEArchive: 0x7ff171084390>', distributionMethod='<IDEDistributionMethodDeveloperID: 0x7ff18e28e620>', team='<IDEProvisioningDisambiguatableBasicTeam: 0x7ff18bb401c0; teamID='HEQGGF6N89', teamName='Orange electronic', teamType='Company', username='orangeapp@orange-electronic.com', isFreeProvisioningTeam='0'>'>
	<IDEDistributionContext: 0x7ff1830579a0; archive = '<IDEArchive: 0x7ff171084390>', distributionMethod='<IDEDistributionMethodDeveloperID: 0x7ff18e28e620>', team='<IDEProvisioningDisambiguatableBasicTeam: 0x7ff18bb401c0; teamID='HEQGGF6N89', teamName='Orange electronic', teamType='Company', username='orangeapp@orange-electronic.com', isFreeProvisioningTeam='0'>'>
	<IDEDistributionContext: 0x7ff18305a1a0; archive = '<IDEArchive: 0x7ff171084390>', distributionMethod='<IDEDistributionMethodDeveloperID: 0x7ff18e28e620>', team='<IDEProvisioningDisambiguatableBasicTeam: 0x7ff18bb401c0; teamID='HEQGGF6N89', teamName='Orange electronic', teamType='Company', username='orangeapp@orange-electronic.com', isFreeProvisioningTeam='0'>'>
	<IDEDistributionContext: 0x7ff183057ef0; archive = '<IDEArchive: 0x7ff171084390>', distributionMethod='<IDEDistributionMethodDeveloperID: 0x7ff18e28e620>', team='<IDEProvisioningDisambiguatableBasicTeam: 0x7ff18bb401c0; teamID='HEQGGF6N89', teamName='Orange electronic', teamType='Company', username='orangeapp@orange-electronic.com', isFreeProvisioningTeam='0'>'>
	<IDEDistributionContext: 0x7ff17735dbe0; archive = '<IDEArchive: 0x7ff171084390>', distributionMethod='<IDEDistributionMethodDeveloperID: 0x7ff18e28e620>', team='<IDEProvisioningDisambiguatableBasicTeam: 0x7ff18bb401c0; teamID='HEQGGF6N89', teamName='Orange electronic', teamType='Company', username='orangeapp@orange-electronic.com', isFreeProvisioningTeam='0'>'>
	<IDEDistributionContext: 0x7ff17d387040; archive = '<IDEArchive: 0x7ff171084390>', distributionMethod='<IDEDistributionMethodDeveloperID: 0x7ff18e28e620>', team='<IDEProvisioningDisambiguatableBasicTeam: 0x7ff18bb401c0; teamID='HEQGGF6N89', teamName='Orange electronic', teamType='Company', username='orangeapp@orange-electronic.com', isFreeProvisioningTeam='0'>'>
	<IDEDistributionContext: 0x7ff17d561a90; archive = '<IDEArchive: 0x7ff171084390>', distributionMethod='<IDEDistributionMethodDeveloperID: 0x7ff18e28e620>', team='(null)'>
	<IDEDistributionContext: 0x7ff17cf5f820; archive = '<IDEArchive: 0x7ff171084390>', distributionMethod='<IDEDistributionMethodDeveloperID: 0x7ff18e28e620>', team='(null)'>
	<IDEDistributionContext: 0x7ff17d803170; archive = '<IDEArchive: 0x7ff171084390>', distributionMethod='(null)', team='(null)'>
</IDEDistributionProcessingPipelineContext: 0x7ff177287da0>
2019-10-25 03:57:04 +0000  Processing step: IDEDistributionCreateDestRootStep
2019-10-25 03:57:04 +0000  Processing step: IDEDistributionCopyItemStep
2019-10-25 03:57:04 +0000  Running /usr/bin/ditto '-V' '/Users/wangjianzhi/Library/Developer/Xcode/Archives/2019-10-25/USB TPMS 2019-10-25, 11.56 AM.xcarchive/Products/Applications/USB TPMS.app' '/var/folders/cm/437_zr854_77wpn99kbnmpb40000gn/T/XcodeDistPipeline.~~~XxljcJ/Root/Applications/USB TPMS.app'
2019-10-25 03:57:04 +0000  >>> Copying /Users/wangjianzhi/Library/Developer/Xcode/Archives/2019-10-25/USB TPMS 2019-10-25, 11.56 AM.xcarchive/Products/Applications/USB TPMS.app 
2019-10-25 03:57:04 +0000  
2019-10-25 03:57:04 +0000  copying file ./Contents/_CodeSignature/CodeResources ... 
2019-10-25 03:57:04 +0000  10667 bytes for ./Contents/_CodeSignature/CodeResources
2019-10-25 03:57:04 +0000  copying file ./Contents/MacOS/USB TPMS ... 
2019-10-25 03:57:04 +0000  298160 bytes for ./Contents/MacOS/USB TPMS
2019-10-25 03:57:04 +0000  copying file ./Contents/PlugIns/ORSSerialPort Tests.xctest/Contents/_CodeSignature/CodeResources ... 
2019-10-25 03:57:04 +0000  2924 bytes for ./Contents/PlugIns/ORSSerialPort Tests.xctest/Contents/_CodeSignature/CodeResources
2019-10-25 03:57:04 +0000  copying file ./Contents/PlugIns/ORSSerialPort Tests.xctest/Contents/MacOS/ORSSerialPort Tests ... 
2019-10-25 03:57:04 +0000  104960 bytes for ./Contents/PlugIns/ORSSerialPort Tests.xctest/Contents/MacOS/ORSSerialPort Tests
2019-10-25 03:57:04 +0000  copying file ./Contents/PlugIns/ORSSerialPort Tests.xctest/Contents/Resources/xcbaselines/3AB06FEE-1381-45AC-9379-B331E6DDAABC.plist ... 
2019-10-25 03:57:04 +0000  597 bytes for ./Contents/PlugIns/ORSSerialPort Tests.xctest/Contents/Resources/xcbaselines/3AB06FEE-1381-45AC-9379-B331E6DDAABC.plist
copying file ./Contents/PlugIns/ORSSerialPort Tests.xctest/Contents/Resources/xcbaselines/Info.plist ... 
2019-10-25 03:57:04 +0000  906 bytes for ./Contents/PlugIns/ORSSerialPort Tests.xctest/Contents/Resources/xcbaselines/Info.plist
2019-10-25 03:57:04 +0000  copying file ./Contents/PlugIns/ORSSerialPort Tests.xctest/Contents/Info.plist ... 
2019-10-25 03:57:04 +0000  1324 bytes for ./Contents/PlugIns/ORSSerialPort Tests.xctest/Contents/Info.plist
2019-10-25 03:57:04 +0000  copying file ./Contents/Resources/simple-loader2.json ... 
2019-10-25 03:57:04 +0000  3646 bytes for ./Contents/Resources/simple-loader2.json
copying file ./Contents/Resources/MainPrace.nib ... 
2019-10-25 03:57:04 +0000  1279 bytes for ./Contents/Resources/MainPrace.nib
2019-10-25 03:57:04 +0000  copying file ./Contents/Resources/AppIcon.icns ... 
2019-10-25 03:57:04 +0000  84829 bytes for ./Contents/Resources/AppIcon.icns
2019-10-25 03:57:04 +0000  copying file ./Contents/Resources/Base.lproj/Main.storyboardc/Una-gW-ELe-view-Qzd-PT-x1f.nib ... 
2019-10-25 03:57:04 +0000  73056 bytes for ./Contents/Resources/Base.lproj/Main.storyboardc/Una-gW-ELe-view-Qzd-PT-x1f.nib
copying file ./Contents/Resources/Base.lproj/Main.storyboardc/5RT-R8-BMt-view-kX8-oV-Y8Z.nib ... 
2019-10-25 03:57:04 +0000  27888 bytes for ./Contents/Resources/Base.lproj/Main.storyboardc/5RT-R8-BMt-view-kX8-oV-Y8Z.nib
copying file ./Contents/Resources/Base.lproj/Main.storyboardc/MainPrace.nib ... 
2019-10-25 03:57:04 +0000  1945 bytes for ./Contents/Resources/Base.lproj/Main.storyboardc/MainPrace.nib
2019-10-25 03:57:04 +0000  copying file ./Contents/Resources/Base.lproj/Main.storyboardc/MainMenu.nib ... 
2019-10-25 03:57:04 +0000  5092 bytes for ./Contents/Resources/Base.lproj/Main.storyboardc/MainMenu.nib
2019-10-25 03:57:04 +0000  copying file ./Contents/Resources/Base.lproj/Main.storyboardc/NSWindowController-B8D-0N-5wS.nib ... 
2019-10-25 03:57:04 +0000  3745 bytes for ./Contents/Resources/Base.lproj/Main.storyboardc/NSWindowController-B8D-0N-5wS.nib
copying file ./Contents/Resources/Base.lproj/Main.storyboardc/Enroll.nib ... 
2019-10-25 03:57:04 +0000  1939 bytes for ./Contents/Resources/Base.lproj/Main.storyboardc/Enroll.nib
2019-10-25 03:57:04 +0000  copying file ./Contents/Resources/Base.lproj/Main.storyboardc/Info.plist ... 
2019-10-25 03:57:04 +0000  577 bytes for ./Contents/Resources/Base.lproj/Main.storyboardc/Info.plist
2019-10-25 03:57:04 +0000  copying file ./Contents/Resources/Extension.nib ... 
2019-10-25 03:57:04 +0000  1279 bytes for ./Contents/Resources/Extension.nib
2019-10-25 03:57:04 +0000  copying file ./Contents/Resources/Assets.car ... 
2019-10-25 03:57:04 +0000  831000 bytes for ./Contents/Resources/Assets.car
2019-10-25 03:57:04 +0000  copying file ./Contents/Resources/child.plist ... 
2019-10-25 03:57:04 +0000  303 bytes for ./Contents/Resources/child.plist
2019-10-25 03:57:04 +0000  copying file ./Contents/Resources/parent.plist ... 
2019-10-25 03:57:04 +0000  249 bytes for ./Contents/Resources/parent.plist
copying file ./Contents/Resources/Enroll.nib ... 
2019-10-25 03:57:04 +0000  1276 bytes for ./Contents/Resources/Enroll.nib
2019-10-25 03:57:04 +0000  copying file ./Contents/embedded.provisionprofile ... 
2019-10-25 03:57:04 +0000  10367 bytes for ./Contents/embedded.provisionprofile
2019-10-25 03:57:04 +0000  copying file ./Contents/Frameworks/libswiftObjectiveC.dylib ... 
2019-10-25 03:57:04 +0000  62256 bytes for ./Contents/Frameworks/libswiftObjectiveC.dylib
copying file ./Contents/Frameworks/libswiftCore.dylib ... 
2019-10-25 03:57:04 +0000  6456304 bytes for ./Contents/Frameworks/libswiftCore.dylib
copying file ./Contents/Frameworks/libswiftCoreGraphics.dylib ... 
2019-10-25 03:57:04 +0000  190544 bytes for ./Contents/Frameworks/libswiftCoreGraphics.dylib
copying file ./Contents/Frameworks/libswiftDispatch.dylib ... 
328272 bytes for ./Contents/Frameworks/libswiftDispatch.dylib
copying file ./Contents/Frameworks/libswiftCoreFoundation.dylib ... 
42128 bytes for ./Contents/Frameworks/libswiftCoreFoundation.dylib
copying symlink ./Contents/Frameworks/ORSSerial.framework/Resources ... 
2019-10-25 03:57:04 +0000  linked ./Contents/Frameworks/ORSSerial.framework/Resources
2019-10-25 03:57:04 +0000  copying file ./Contents/Frameworks/ORSSerial.framework/Versions/A/_CodeSignature/CodeResources ... 
2019-10-25 03:57:04 +0000  2514 bytes for ./Contents/Frameworks/ORSSerial.framework/Versions/A/_CodeSignature/CodeResources
2019-10-25 03:57:04 +0000  copying file ./Contents/Frameworks/ORSSerial.framework/Versions/A/Resources/Info.plist ... 
2019-10-25 03:57:04 +0000  1412 bytes for ./Contents/Frameworks/ORSSerial.framework/Versions/A/Resources/Info.plist
2019-10-25 03:57:04 +0000  copying file ./Contents/Frameworks/ORSSerial.framework/Versions/A/ORSSerial ... 
2019-10-25 03:57:04 +0000  142832 bytes for ./Contents/Frameworks/ORSSerial.framework/Versions/A/ORSSerial
2019-10-25 03:57:04 +0000  copying symlink ./Contents/Frameworks/ORSSerial.framework/Versions/Current ... 
2019-10-25 03:57:04 +0000  linked ./Contents/Frameworks/ORSSerial.framework/Versions/Current
2019-10-25 03:57:04 +0000  copying symlink ./Contents/Frameworks/ORSSerial.framework/ORSSerial ... 
2019-10-25 03:57:04 +0000  linked ./Contents/Frameworks/ORSSerial.framework/ORSSerial
2019-10-25 03:57:04 +0000  copying file ./Contents/Frameworks/libswiftDarwin.dylib ... 
2019-10-25 03:57:04 +0000  99088 bytes for ./Contents/Frameworks/libswiftDarwin.dylib
copying file ./Contents/Frameworks/libswiftIOKit.dylib ... 
2019-10-25 03:57:04 +0000  45648 bytes for ./Contents/Frameworks/libswiftIOKit.dylib
2019-10-25 03:57:04 +0000  copying file ./Contents/Frameworks/libswiftFoundation.dylib ... 
2019-10-25 03:57:04 +0000  3163392 bytes for ./Contents/Frameworks/libswiftFoundation.dylib
2019-10-25 03:57:04 +0000  copying symlink ./Contents/Frameworks/Lottie.framework/Resources ... 
linked ./Contents/Frameworks/Lottie.framework/Resources
copying file ./Contents/Frameworks/Lottie.framework/Versions/A/_CodeSignature/CodeResources ... 
2019-10-25 03:57:04 +0000  2514 bytes for ./Contents/Frameworks/Lottie.framework/Versions/A/_CodeSignature/CodeResources
2019-10-25 03:57:04 +0000  copying file ./Contents/Frameworks/Lottie.framework/Versions/A/Resources/Info.plist ... 
2019-10-25 03:57:04 +0000  1281 bytes for ./Contents/Frameworks/Lottie.framework/Versions/A/Resources/Info.plist
2019-10-25 03:57:04 +0000  copying file ./Contents/Frameworks/Lottie.framework/Versions/A/Lottie ... 
2019-10-25 03:57:04 +0000  2331392 bytes for ./Contents/Frameworks/Lottie.framework/Versions/A/Lottie
2019-10-25 03:57:04 +0000  copying symlink ./Contents/Frameworks/Lottie.framework/Versions/Current ... 
linked ./Contents/Frameworks/Lottie.framework/Versions/Current
copying symlink ./Contents/Frameworks/Lottie.framework/Lottie ... 
linked ./Contents/Frameworks/Lottie.framework/Lottie
2019-10-25 03:57:04 +0000  copying file ./Contents/Info.plist ... 
2019-10-25 03:57:04 +0000  1867 bytes for ./Contents/Info.plist
2019-10-25 03:57:04 +0000  copying file ./Contents/PkgInfo ... 
2019-10-25 03:57:04 +0000  8 bytes for ./Contents/PkgInfo
2019-10-25 03:57:04 +0000  /usr/bin/ditto exited with 0
2019-10-25 03:57:04 +0000  Processing step: IDEDistributionEmbedProfileStep
2019-10-25 03:57:04 +0000  Skipping profile for item: <IDEDistributionItem: 0x7ff1783ba220; bundleID='org.cocoapods.Lottie', path='<DVTFilePath:0x7ff17d49b200:'/Users/wangjianzhi/Library/Developer/Xcode/Archives/2019-10-25/USB TPMS 2019-10-25, 11.56 AM.xcarchive/Products/Applications/USB TPMS.app/Contents/Frameworks/Lottie.framework/Versions/A'>', codeSigningInfo='<_DVTCodeSigningInformation_Path: 0x7ff17cd5e660; isSigned='1', isAdHocSigned='0', signingCertificate='<DVTSigningCertificate: 0x7ff17d1e5b40; name='Mac Developer: Steve Yu (QCZM92LM36)', hash='A52B44BBD862689AF0EF294359AA157AC8412312', serialNumber='4D234A6F50D04E9F', certificateKinds='(
    "1.2.840.113635.100.6.1.12"
), issueDate='2019-09-06 03:10:03 +0000''>', entitlements='(null)', teamID='HEQGGF6N89', identifier='org.cocoapods.Lottie', executablePath='<DVTFilePath:0x7ff17d60b1a0:'/Users/wangjianzhi/Library/Developer/Xcode/Archives/2019-10-25/USB TPMS 2019-10-25, 11.56 AM.xcarchive/Products/Applications/USB TPMS.app/Contents/Frameworks/Lottie.framework/Versions/A/Lottie'>', hardenedRuntime='0'>'>
2019-10-25 03:57:04 +0000  Skipping profile for item: <IDEDistributionItem: 0x7ff1725353a0; bundleID='com.openreelsoftware.ORSSerial', path='<DVTFilePath:0x7ff18bda1640:'/Users/wangjianzhi/Library/Developer/Xcode/Archives/2019-10-25/USB TPMS 2019-10-25, 11.56 AM.xcarchive/Products/Applications/USB TPMS.app/Contents/Frameworks/ORSSerial.framework/Versions/A'>', codeSigningInfo='<_DVTCodeSigningInformation_Path: 0x7ff17cf0ab50; isSigned='1', isAdHocSigned='0', signingCertificate='<DVTSigningCertificate: 0x7ff17d1e5b40; name='Mac Developer: Steve Yu (QCZM92LM36)', hash='A52B44BBD862689AF0EF294359AA157AC8412312', serialNumber='4D234A6F50D04E9F', certificateKinds='(
    "1.2.840.113635.100.6.1.12"
), issueDate='2019-09-06 03:10:03 +0000''>', entitlements='(null)', teamID='HEQGGF6N89', identifier='com.openreelsoftware.ORSSerial', executablePath='<DVTFilePath:0x7ff17d6141e0:'/Users/wangjianzhi/Library/Developer/Xcode/Archives/2019-10-25/USB TPMS 2019-10-25, 11.56 AM.xcarchive/Products/Applications/USB TPMS.app/Contents/Frameworks/ORSSerial.framework/Versions/A/ORSSerial'>', hardenedRuntime='0'>'>
2019-10-25 03:57:04 +0000  Skipping profile for item: <IDEDistributionItem: 0x7ff176cf3e30; bundleID='com.apple.dt.runtime.swiftCore', path='<DVTFilePath:0x7ff17cd4add0:'/Users/wangjianzhi/Library/Developer/Xcode/Archives/2019-10-25/USB TPMS 2019-10-25, 11.56 AM.xcarchive/Products/Applications/USB TPMS.app/Contents/Frameworks/libswiftCore.dylib'>', codeSigningInfo='<_DVTCodeSigningInformation_Path: 0x7ff178779940; isSigned='1', isAdHocSigned='0', signingCertificate='<DVTSigningCertificate: 0x7ff17d1e5b40; name='Mac Developer: Steve Yu (QCZM92LM36)', hash='A52B44BBD862689AF0EF294359AA157AC8412312', serialNumber='4D234A6F50D04E9F', certificateKinds='(
    "1.2.840.113635.100.6.1.12"
), issueDate='2019-09-06 03:10:03 +0000''>', entitlements='(null)', teamID='HEQGGF6N89', identifier='com.apple.dt.runtime.swiftCore', executablePath='<DVTFilePath:0x7ff17cd4add0:'/Users/wangjianzhi/Library/Developer/Xcode/Archives/2019-10-25/USB TPMS 2019-10-25, 11.56 AM.xcarchive/Products/Applications/USB TPMS.app/Contents/Frameworks/libswiftCore.dylib'>', hardenedRuntime='0'>'>
2019-10-25 03:57:04 +0000  Skipping profile for item: <IDEDistributionItem: 0x7ff174249c10; bundleID='com.apple.dt.runtime.swiftCoreFoundation', path='<DVTFilePath:0x7ff17d4e33f0:'/Users/wangjianzhi/Library/Developer/Xcode/Archives/2019-10-25/USB TPMS 2019-10-25, 11.56 AM.xcarchive/Products/Applications/USB TPMS.app/Contents/Frameworks/libswiftCoreFoundation.dylib'>', codeSigningInfo='<_DVTCodeSigningInformation_Path: 0x7ff17c63eef0; isSigned='1', isAdHocSigned='0', signingCertificate='<DVTSigningCertificate: 0x7ff17d1e5b40; name='Mac Developer: Steve Yu (QCZM92LM36)', hash='A52B44BBD862689AF0EF294359AA157AC8412312', serialNumber='4D234A6F50D04E9F', certificateKinds='(
    "1.2.840.113635.100.6.1.12"
), issueDate='2019-09-06 03:10:03 +0000''>', entitlements='(null)', teamID='HEQGGF6N89', identifier='com.apple.dt.runtime.swiftCoreFoundation', executablePath='<DVTFilePath:0x7ff17d4e33f0:'/Users/wangjianzhi/Library/Developer/Xcode/Archives/2019-10-25/USB TPMS 2019-10-25, 11.56 AM.xcarchive/Products/Applications/USB TPMS.app/Contents/Frameworks/libswiftCoreFoundation.dylib'>', hardenedRuntime='0'>'>
2019-10-25 03:57:04 +0000  Skipping profile for item: <IDEDistributionItem: 0x7ff176d51e40; bundleID='com.apple.dt.runtime.swiftCoreGraphics', path='<DVTFilePath:0x7ff173408bc0:'/Users/wangjianzhi/Library/Developer/Xcode/Archives/2019-10-25/USB TPMS 2019-10-25, 11.56 AM.xcarchive/Products/Applications/USB TPMS.app/Contents/Frameworks/libswiftCoreGraphics.dylib'>', codeSigningInfo='<_DVTCodeSigningInformation_Path: 0x7ff17977ca00; isSigned='1', isAdHocSigned='0', signingCertificate='<DVTSigningCertificate: 0x7ff17d1e5b40; name='Mac Developer: Steve Yu (QCZM92LM36)', hash='A52B44BBD862689AF0EF294359AA157AC8412312', serialNumber='4D234A6F50D04E9F', certificateKinds='(
    "1.2.840.113635.100.6.1.12"
), issueDate='2019-09-06 03:10:03 +0000''>', entitlements='(null)', teamID='HEQGGF6N89', identifier='com.apple.dt.runtime.swiftCoreGraphics', executablePath='<DVTFilePath:0x7ff173408bc0:'/Users/wangjianzhi/Library/Developer/Xcode/Archives/2019-10-25/USB TPMS 2019-10-25, 11.56 AM.xcarchive/Products/Applications/USB TPMS.app/Contents/Frameworks/libswiftCoreGraphics.dylib'>', hardenedRuntime='0'>'>
2019-10-25 03:57:04 +0000  Skipping profile for item: <IDEDistributionItem: 0x7ff17d4dded0; bundleID='com.apple.dt.runtime.swiftDarwin', path='<DVTFilePath:0x7ff171a66740:'/Users/wangjianzhi/Library/Developer/Xcode/Archives/2019-10-25/USB TPMS 2019-10-25, 11.56 AM.xcarchive/Products/Applications/USB TPMS.app/Contents/Frameworks/libswiftDarwin.dylib'>', codeSigningInfo='<_DVTCodeSigningInformation_Path: 0x7ff16f20dc20; isSigned='1', isAdHocSigned='0', signingCertificate='<DVTSigningCertificate: 0x7ff17d1e5b40; name='Mac Developer: Steve Yu (QCZM92LM36)', hash='A52B44BBD862689AF0EF294359AA157AC8412312', serialNumber='4D234A6F50D04E9F', certificateKinds='(
    "1.2.840.113635.100.6.1.12"
), issueDate='2019-09-06 03:10:03 +0000''>', entitlements='(null)', teamID='HEQGGF6N89', identifier='com.apple.dt.runtime.swiftDarwin', executablePath='<DVTFilePath:0x7ff171a66740:'/Users/wangjianzhi/Library/Developer/Xcode/Archives/2019-10-25/USB TPMS 2019-10-25, 11.56 AM.xcarchive/Products/Applications/USB TPMS.app/Contents/Frameworks/libswiftDarwin.dylib'>', hardenedRuntime='0'>'>
2019-10-25 03:57:04 +0000  Skipping profile for item: <IDEDistributionItem: 0x7ff17d4e6c30; bundleID='com.apple.dt.runtime.swiftDispatch', path='<DVTFilePath:0x7ff171bcfee0:'/Users/wangjianzhi/Library/Developer/Xcode/Archives/2019-10-25/USB TPMS 2019-10-25, 11.56 AM.xcarchive/Products/Applications/USB TPMS.app/Contents/Frameworks/libswiftDispatch.dylib'>', codeSigningInfo='<_DVTCodeSigningInformation_Path: 0x7ff17827a200; isSigned='1', isAdHocSigned='0', signingCertificate='<DVTSigningCertificate: 0x7ff17d1e5b40; name='Mac Developer: Steve Yu (QCZM92LM36)', hash='A52B44BBD862689AF0EF294359AA157AC8412312', serialNumber='4D234A6F50D04E9F', certificateKinds='(
    "1.2.840.113635.100.6.1.12"
), issueDate='2019-09-06 03:10:03 +0000''>', entitlements='(null)', teamID='HEQGGF6N89', identifier='com.apple.dt.runtime.swiftDispatch', executablePath='<DVTFilePath:0x7ff171bcfee0:'/Users/wangjianzhi/Library/Developer/Xcode/Archives/2019-10-25/USB TPMS 2019-10-25, 11.56 AM.xcarchive/Products/Applications/USB TPMS.app/Contents/Frameworks/libswiftDispatch.dylib'>', hardenedRuntime='0'>'>
2019-10-25 03:57:04 +0000  Skipping profile for item: <IDEDistributionItem: 0x7ff17cd397b0; bundleID='com.apple.dt.runtime.swiftFoundation', path='<DVTFilePath:0x7ff17d44a7a0:'/Users/wangjianzhi/Library/Developer/Xcode/Archives/2019-10-25/USB TPMS 2019-10-25, 11.56 AM.xcarchive/Products/Applications/USB TPMS.app/Contents/Frameworks/libswiftFoundation.dylib'>', codeSigningInfo='<_DVTCodeSigningInformation_Path: 0x7ff174a007a0; isSigned='1', isAdHocSigned='0', signingCertificate='<DVTSigningCertificate: 0x7ff17d1e5b40; name='Mac Developer: Steve Yu (QCZM92LM36)', hash='A52B44BBD862689AF0EF294359AA157AC8412312', serialNumber='4D234A6F50D04E9F', certificateKinds='(
    "1.2.840.113635.100.6.1.12"
), issueDate='2019-09-06 03:10:03 +0000''>', entitlements='(null)', teamID='HEQGGF6N89', identifier='com.apple.dt.runtime.swiftFoundation', executablePath='<DVTFilePath:0x7ff17d44a7a0:'/Users/wangjianzhi/Library/Developer/Xcode/Archives/2019-10-25/USB TPMS 2019-10-25, 11.56 AM.xcarchive/Products/Applications/USB TPMS.app/Contents/Frameworks/libswiftFoundation.dylib'>', hardenedRuntime='0'>'>
2019-10-25 03:57:04 +0000  Skipping profile for item: <IDEDistributionItem: 0x7ff176df6060; bundleID='com.apple.dt.runtime.swiftIOKit', path='<DVTFilePath:0x7ff171af11a0:'/Users/wangjianzhi/Library/Developer/Xcode/Archives/2019-10-25/USB TPMS 2019-10-25, 11.56 AM.xcarchive/Products/Applications/USB TPMS.app/Contents/Frameworks/libswiftIOKit.dylib'>', codeSigningInfo='<_DVTCodeSigningInformation_Path: 0x7ff16f1363e0; isSigned='1', isAdHocSigned='0', signingCertificate='<DVTSigningCertificate: 0x7ff17d1e5b40; name='Mac Developer: Steve Yu (QCZM92LM36)', hash='A52B44BBD862689AF0EF294359AA157AC8412312', serialNumber='4D234A6F50D04E9F', certificateKinds='(
    "1.2.840.113635.100.6.1.12"
), issueDate='2019-09-06 03:10:03 +0000''>', entitlements='(null)', teamID='HEQGGF6N89', identifier='com.apple.dt.runtime.swiftIOKit', executablePath='<DVTFilePath:0x7ff171af11a0:'/Users/wangjianzhi/Library/Developer/Xcode/Archives/2019-10-25/USB TPMS 2019-10-25, 11.56 AM.xcarchive/Products/Applications/USB TPMS.app/Contents/Frameworks/libswiftIOKit.dylib'>', hardenedRuntime='0'>'>
2019-10-25 03:57:04 +0000  Skipping profile for item: <IDEDistributionItem: 0x7ff1783e18a0; bundleID='com.apple.dt.runtime.swiftObjectiveC', path='<DVTFilePath:0x7ff17428c590:'/Users/wangjianzhi/Library/Developer/Xcode/Archives/2019-10-25/USB TPMS 2019-10-25, 11.56 AM.xcarchive/Products/Applications/USB TPMS.app/Contents/Frameworks/libswiftObjectiveC.dylib'>', codeSigningInfo='<_DVTCodeSigningInformation_Path: 0x7ff17d4d27e0; isSigned='1', isAdHocSigned='0', signingCertificate='<DVTSigningCertificate: 0x7ff17d1e5b40; name='Mac Developer: Steve Yu (QCZM92LM36)', hash='A52B44BBD862689AF0EF294359AA157AC8412312', serialNumber='4D234A6F50D04E9F', certificateKinds='(
    "1.2.840.113635.100.6.1.12"
), issueDate='2019-09-06 03:10:03 +0000''>', entitlements='(null)', teamID='HEQGGF6N89', identifier='com.apple.dt.runtime.swiftObjectiveC', executablePath='<DVTFilePath:0x7ff17428c590:'/Users/wangjianzhi/Library/Developer/Xcode/Archives/2019-10-25/USB TPMS 2019-10-25, 11.56 AM.xcarchive/Products/Applications/USB TPMS.app/Contents/Frameworks/libswiftObjectiveC.dylib'>', hardenedRuntime='0'>'>
2019-10-25 03:57:04 +0000  Skipping profile for item: <IDEDistributionItem: 0x7ff176dfa290; bundleID='com.openreelsoftware.ORSSerialPort-Tests', path='<DVTFilePath:0x7ff18bc1fa20:'/Users/wangjianzhi/Library/Developer/Xcode/Archives/2019-10-25/USB TPMS 2019-10-25, 11.56 AM.xcarchive/Products/Applications/USB TPMS.app/Contents/PlugIns/ORSSerialPort Tests.xctest'>', codeSigningInfo='<_DVTCodeSigningInformation_Path: 0x7ff17b779b10; isSigned='1', isAdHocSigned='0', signingCertificate='<DVTSigningCertificate: 0x7ff17d1e5b40; name='Mac Developer: Steve Yu (QCZM92LM36)', hash='A52B44BBD862689AF0EF294359AA157AC8412312', serialNumber='4D234A6F50D04E9F', certificateKinds='(
    "1.2.840.113635.100.6.1.12"
), issueDate='2019-09-06 03:10:03 +0000''>', entitlements='(null)', teamID='HEQGGF6N89', identifier='com.openreelsoftware.ORSSerialPort-Tests', executablePath='<DVTFilePath:0x7ff174843d50:'/Users/wangjianzhi/Library/Developer/Xcode/Archives/2019-10-25/USB TPMS 2019-10-25, 11.56 AM.xcarchive/Products/Applications/USB TPMS.app/Contents/PlugIns/ORSSerialPort Tests.xctest/Contents/MacOS/ORSSerialPort Tests'>', hardenedRuntime='0'>'>
2019-10-25 03:57:04 +0000  Processing step: IDEDistributionAppThinningPlistStep
2019-10-25 03:57:04 +0000  Processing step: IDEDistributionCompileBitcodeStep
2019-10-25 03:57:04 +0000  Skipping step: IDEDistributionCompileBitcodeStep because it said so
2019-10-25 03:57:04 +0000  Processing step: IDEDistributionCodeSlimmingStep
2019-10-25 03:57:04 +0000  Processing step: IDEDistributionCopyBCSymbolMapsStep
2019-10-25 03:57:04 +0000  Skipping step: IDEDistributionCopyBCSymbolMapsStep because it said so
2019-10-25 03:57:04 +0000  Skipping step: IDEDistributionCopyBCSymbolMapsStep because it said so
2019-10-25 03:57:04 +0000  Skipping step: IDEDistributionCopyBCSymbolMapsStep because it said so
2019-10-25 03:57:04 +0000  Skipping step: IDEDistributionCopyBCSymbolMapsStep because it said so
2019-10-25 03:57:04 +0000  Skipping step: IDEDistributionCopyBCSymbolMapsStep because it said so
2019-10-25 03:57:04 +0000  Skipping step: IDEDistributionCopyBCSymbolMapsStep because it said so
2019-10-25 03:57:04 +0000  Skipping step: IDEDistributionCopyBCSymbolMapsStep because it said so
2019-10-25 03:57:04 +0000  Skipping step: IDEDistributionCopyBCSymbolMapsStep because it said so
2019-10-25 03:57:04 +0000  Skipping step: IDEDistributionCopyBCSymbolMapsStep because it said so
2019-10-25 03:57:04 +0000  Skipping step: IDEDistributionCopyBCSymbolMapsStep because it said so
2019-10-25 03:57:04 +0000  Skipping step: IDEDistributionCopyBCSymbolMapsStep because it said so
2019-10-25 03:57:04 +0000  Skipping step: IDEDistributionCopyBCSymbolMapsStep because it said so
2019-10-25 03:57:04 +0000  Processing step: IDEDistributionSymbolsStep
2019-10-25 03:57:04 +0000  Skipping step: IDEDistributionSymbolsStep because it said so
2019-10-25 03:57:04 +0000  Skipping step: IDEDistributionSymbolsStep because it said so
2019-10-25 03:57:04 +0000  Skipping step: IDEDistributionSymbolsStep because it said so
2019-10-25 03:57:04 +0000  Skipping step: IDEDistributionSymbolsStep because it said so
2019-10-25 03:57:04 +0000  Skipping step: IDEDistributionSymbolsStep because it said so
2019-10-25 03:57:04 +0000  Skipping step: IDEDistributionSymbolsStep because it said so
2019-10-25 03:57:04 +0000  Skipping step: IDEDistributionSymbolsStep because it said so
2019-10-25 03:57:04 +0000  Skipping step: IDEDistributionSymbolsStep because it said so
2019-10-25 03:57:04 +0000  Skipping step: IDEDistributionSymbolsStep because it said so
2019-10-25 03:57:04 +0000  Skipping step: IDEDistributionSymbolsStep because it said so
2019-10-25 03:57:04 +0000  Skipping step: IDEDistributionSymbolsStep because it said so
2019-10-25 03:57:04 +0000  Skipping step: IDEDistributionSymbolsStep because it said so
2019-10-25 03:57:04 +0000  Processing step: IDEDistributionAppThinningStep
2019-10-25 03:57:04 +0000  Skipping step: IDEDistributionAppThinningStep because it said so
2019-10-25 03:57:04 +0000  Processing step: IDEDistributionArchThinningStep
2019-10-25 03:57:04 +0000  Running /Applications/Xcode.app/Contents/Developer/Toolchains/XcodeDefault.xctoolchain/usr/bin/lipo '/var/folders/cm/437_zr854_77wpn99kbnmpb40000gn/T/XcodeDistPipeline.~~~XxljcJ/Root/Applications/USB TPMS.app/Contents/Frameworks/Lottie.framework/Versions/A/Lottie' '-verify_arch' 'arm64e'
2019-10-25 03:57:04 +0000  /Applications/Xcode.app/Contents/Developer/Toolchains/XcodeDefault.xctoolchain/usr/bin/lipo exited with 1
2019-10-25 03:57:04 +0000  Skipping architecture thinning for item "Lottie" because arch "arm64e" wasn't found
2019-10-25 03:57:04 +0000  Running /Applications/Xcode.app/Contents/Developer/Toolchains/XcodeDefault.xctoolchain/usr/bin/lipo '/var/folders/cm/437_zr854_77wpn99kbnmpb40000gn/T/XcodeDistPipeline.~~~XxljcJ/Root/Applications/USB TPMS.app/Contents/Frameworks/ORSSerial.framework/Versions/A/ORSSerial' '-verify_arch' 'arm64e'
2019-10-25 03:57:04 +0000  /Applications/Xcode.app/Contents/Developer/Toolchains/XcodeDefault.xctoolchain/usr/bin/lipo exited with 1
2019-10-25 03:57:04 +0000  Skipping architecture thinning for item "ORSSerial" because arch "arm64e" wasn't found
2019-10-25 03:57:04 +0000  Running /Applications/Xcode.app/Contents/Developer/Toolchains/XcodeDefault.xctoolchain/usr/bin/lipo '/var/folders/cm/437_zr854_77wpn99kbnmpb40000gn/T/XcodeDistPipeline.~~~XxljcJ/Root/Applications/USB TPMS.app/Contents/Frameworks/libswiftCore.dylib' '-verify_arch' 'arm64e'
2019-10-25 03:57:04 +0000  /Applications/Xcode.app/Contents/Developer/Toolchains/XcodeDefault.xctoolchain/usr/bin/lipo exited with 1
2019-10-25 03:57:04 +0000  Skipping architecture thinning for item "libswiftCore.dylib" because arch "arm64e" wasn't found
2019-10-25 03:57:04 +0000  Running /Applications/Xcode.app/Contents/Developer/Toolchains/XcodeDefault.xctoolchain/usr/bin/lipo '/var/folders/cm/437_zr854_77wpn99kbnmpb40000gn/T/XcodeDistPipeline.~~~XxljcJ/Root/Applications/USB TPMS.app/Contents/Frameworks/libswiftCoreFoundation.dylib' '-verify_arch' 'arm64e'
2019-10-25 03:57:04 +0000  /Applications/Xcode.app/Contents/Developer/Toolchains/XcodeDefault.xctoolchain/usr/bin/lipo exited with 1
2019-10-25 03:57:04 +0000  Skipping architecture thinning for item "libswiftCoreFoundation.dylib" because arch "arm64e" wasn't found
2019-10-25 03:57:04 +0000  Running /Applications/Xcode.app/Contents/Developer/Toolchains/XcodeDefault.xctoolchain/usr/bin/lipo '/var/folders/cm/437_zr854_77wpn99kbnmpb40000gn/T/XcodeDistPipeline.~~~XxljcJ/Root/Applications/USB TPMS.app/Contents/Frameworks/libswiftCoreGraphics.dylib' '-verify_arch' 'arm64e'
2019-10-25 03:57:04 +0000  /Applications/Xcode.app/Contents/Developer/Toolchains/XcodeDefault.xctoolchain/usr/bin/lipo exited with 1
2019-10-25 03:57:04 +0000  Skipping architecture thinning for item "libswiftCoreGraphics.dylib" because arch "arm64e" wasn't found
2019-10-25 03:57:04 +0000  Running /Applications/Xcode.app/Contents/Developer/Toolchains/XcodeDefault.xctoolchain/usr/bin/lipo '/var/folders/cm/437_zr854_77wpn99kbnmpb40000gn/T/XcodeDistPipeline.~~~XxljcJ/Root/Applications/USB TPMS.app/Contents/Frameworks/libswiftDarwin.dylib' '-verify_arch' 'arm64e'
2019-10-25 03:57:04 +0000  /Applications/Xcode.app/Contents/Developer/Toolchains/XcodeDefault.xctoolchain/usr/bin/lipo exited with 1
2019-10-25 03:57:04 +0000  Skipping architecture thinning for item "libswiftDarwin.dylib" because arch "arm64e" wasn't found
2019-10-25 03:57:04 +0000  Running /Applications/Xcode.app/Contents/Developer/Toolchains/XcodeDefault.xctoolchain/usr/bin/lipo '/var/folders/cm/437_zr854_77wpn99kbnmpb40000gn/T/XcodeDistPipeline.~~~XxljcJ/Root/Applications/USB TPMS.app/Contents/Frameworks/libswiftDispatch.dylib' '-verify_arch' 'arm64e'
2019-10-25 03:57:04 +0000  /Applications/Xcode.app/Contents/Developer/Toolchains/XcodeDefault.xctoolchain/usr/bin/lipo exited with 1
2019-10-25 03:57:04 +0000  Skipping architecture thinning for item "libswiftDispatch.dylib" because arch "arm64e" wasn't found
2019-10-25 03:57:04 +0000  Running /Applications/Xcode.app/Contents/Developer/Toolchains/XcodeDefault.xctoolchain/usr/bin/lipo '/var/folders/cm/437_zr854_77wpn99kbnmpb40000gn/T/XcodeDistPipeline.~~~XxljcJ/Root/Applications/USB TPMS.app/Contents/Frameworks/libswiftFoundation.dylib' '-verify_arch' 'arm64e'
2019-10-25 03:57:04 +0000  /Applications/Xcode.app/Contents/Developer/Toolchains/XcodeDefault.xctoolchain/usr/bin/lipo exited with 1
2019-10-25 03:57:04 +0000  Skipping architecture thinning for item "libswiftFoundation.dylib" because arch "arm64e" wasn't found
2019-10-25 03:57:04 +0000  Running /Applications/Xcode.app/Contents/Developer/Toolchains/XcodeDefault.xctoolchain/usr/bin/lipo '/var/folders/cm/437_zr854_77wpn99kbnmpb40000gn/T/XcodeDistPipeline.~~~XxljcJ/Root/Applications/USB TPMS.app/Contents/Frameworks/libswiftIOKit.dylib' '-verify_arch' 'arm64e'
2019-10-25 03:57:04 +0000  /Applications/Xcode.app/Contents/Developer/Toolchains/XcodeDefault.xctoolchain/usr/bin/lipo exited with 1
2019-10-25 03:57:04 +0000  Skipping architecture thinning for item "libswiftIOKit.dylib" because arch "arm64e" wasn't found
2019-10-25 03:57:04 +0000  Running /Applications/Xcode.app/Contents/Developer/Toolchains/XcodeDefault.xctoolchain/usr/bin/lipo '/var/folders/cm/437_zr854_77wpn99kbnmpb40000gn/T/XcodeDistPipeline.~~~XxljcJ/Root/Applications/USB TPMS.app/Contents/Frameworks/libswiftObjectiveC.dylib' '-verify_arch' 'arm64e'
2019-10-25 03:57:04 +0000  /Applications/Xcode.app/Contents/Developer/Toolchains/XcodeDefault.xctoolchain/usr/bin/lipo exited with 1
2019-10-25 03:57:04 +0000  Skipping architecture thinning for item "libswiftObjectiveC.dylib" because arch "arm64e" wasn't found
2019-10-25 03:57:04 +0000  Running /Applications/Xcode.app/Contents/Developer/Toolchains/XcodeDefault.xctoolchain/usr/bin/lipo '/var/folders/cm/437_zr854_77wpn99kbnmpb40000gn/T/XcodeDistPipeline.~~~XxljcJ/Root/Applications/USB TPMS.app/Contents/PlugIns/ORSSerialPort Tests.xctest/Contents/MacOS/ORSSerialPort Tests' '-verify_arch' 'arm64e'
2019-10-25 03:57:04 +0000  /Applications/Xcode.app/Contents/Developer/Toolchains/XcodeDefault.xctoolchain/usr/bin/lipo exited with 1
2019-10-25 03:57:04 +0000  Skipping architecture thinning for item "ORSSerialPort Tests" because arch "arm64e" wasn't found
2019-10-25 03:57:04 +0000  Running /Applications/Xcode.app/Contents/Developer/Toolchains/XcodeDefault.xctoolchain/usr/bin/lipo '/var/folders/cm/437_zr854_77wpn99kbnmpb40000gn/T/XcodeDistPipeline.~~~XxljcJ/Root/Applications/USB TPMS.app/Contents/MacOS/USB TPMS' '-verify_arch' 'arm64e'
2019-10-25 03:57:04 +0000  /Applications/Xcode.app/Contents/Developer/Toolchains/XcodeDefault.xctoolchain/usr/bin/lipo exited with 1
2019-10-25 03:57:04 +0000  Skipping architecture thinning for item "USB TPMS" because arch "arm64e" wasn't found
2019-10-25 03:57:04 +0000  Processing step: IDEDistributionODRStep
2019-10-25 03:57:04 +0000  Processing step: IDEDistributionStripXattrsStep
2019-10-25 03:57:04 +0000  Skipping stripping extended attributes of item: <IDEDistributionItem: 0x7ff1783ba220; bundleID='org.cocoapods.Lottie', path='<DVTFilePath:0x7ff17d49b200:'/Users/wangjianzhi/Library/Developer/Xcode/Archives/2019-10-25/USB TPMS 2019-10-25, 11.56 AM.xcarchive/Products/Applications/USB TPMS.app/Contents/Frameworks/Lottie.framework/Versions/A'>', codeSigningInfo='<_DVTCodeSigningInformation_Path: 0x7ff17cd5e660; isSigned='1', isAdHocSigned='0', signingCertificate='<DVTSigningCertificate: 0x7ff171cfa4b0; name='Mac Developer: Steve Yu (QCZM92LM36)', hash='A52B44BBD862689AF0EF294359AA157AC8412312', serialNumber='4D234A6F50D04E9F', certificateKinds='(
    "1.2.840.113635.100.6.1.12"
), issueDate='2019-09-06 03:10:03 +0000''>', entitlements='(null)', teamID='HEQGGF6N89', identifier='org.cocoapods.Lottie', executablePath='<DVTFilePath:0x7ff17d60b1a0:'/Users/wangjianzhi/Library/Developer/Xcode/Archives/2019-10-25/USB TPMS 2019-10-25, 11.56 AM.xcarchive/Products/Applications/USB TPMS.app/Contents/Frameworks/Lottie.framework/Versions/A/Lottie'>', hardenedRuntime='0'>'>
2019-10-25 03:57:04 +0000  Skipping stripping extended attributes of item: <IDEDistributionItem: 0x7ff1725353a0; bundleID='com.openreelsoftware.ORSSerial', path='<DVTFilePath:0x7ff18bda1640:'/Users/wangjianzhi/Library/Developer/Xcode/Archives/2019-10-25/USB TPMS 2019-10-25, 11.56 AM.xcarchive/Products/Applications/USB TPMS.app/Contents/Frameworks/ORSSerial.framework/Versions/A'>', codeSigningInfo='<_DVTCodeSigningInformation_Path: 0x7ff17cf0ab50; isSigned='1', isAdHocSigned='0', signingCertificate='<DVTSigningCertificate: 0x7ff183051f00; name='Mac Developer: Steve Yu (QCZM92LM36)', hash='A52B44BBD862689AF0EF294359AA157AC8412312', serialNumber='4D234A6F50D04E9F', certificateKinds='(
    "1.2.840.113635.100.6.1.12"
), issueDate='2019-09-06 03:10:03 +0000''>', entitlements='(null)', teamID='HEQGGF6N89', identifier='com.openreelsoftware.ORSSerial', executablePath='<DVTFilePath:0x7ff17d6141e0:'/Users/wangjianzhi/Library/Developer/Xcode/Archives/2019-10-25/USB TPMS 2019-10-25, 11.56 AM.xcarchive/Products/Applications/USB TPMS.app/Contents/Frameworks/ORSSerial.framework/Versions/A/ORSSerial'>', hardenedRuntime='0'>'>
2019-10-25 03:57:04 +0000  Skipping stripping extended attributes of item: <IDEDistributionItem: 0x7ff176cf3e30; bundleID='com.apple.dt.runtime.swiftCore', path='<DVTFilePath:0x7ff17cd4add0:'/Users/wangjianzhi/Library/Developer/Xcode/Archives/2019-10-25/USB TPMS 2019-10-25, 11.56 AM.xcarchive/Products/Applications/USB TPMS.app/Contents/Frameworks/libswiftCore.dylib'>', codeSigningInfo='<_DVTCodeSigningInformation_Path: 0x7ff178779940; isSigned='1', isAdHocSigned='0', signingCertificate='<DVTSigningCertificate: 0x7ff183051f00; name='Mac Developer: Steve Yu (QCZM92LM36)', hash='A52B44BBD862689AF0EF294359AA157AC8412312', serialNumber='4D234A6F50D04E9F', certificateKinds='(
    "1.2.840.113635.100.6.1.12"
), issueDate='2019-09-06 03:10:03 +0000''>', entitlements='(null)', teamID='HEQGGF6N89', identifier='com.apple.dt.runtime.swiftCore', executablePath='<DVTFilePath:0x7ff17cd4add0:'/Users/wangjianzhi/Library/Developer/Xcode/Archives/2019-10-25/USB TPMS 2019-10-25, 11.56 AM.xcarchive/Products/Applications/USB TPMS.app/Contents/Frameworks/libswiftCore.dylib'>', hardenedRuntime='0'>'>
2019-10-25 03:57:04 +0000  Skipping stripping extended attributes of item: <IDEDistributionItem: 0x7ff174249c10; bundleID='com.apple.dt.runtime.swiftCoreFoundation', path='<DVTFilePath:0x7ff17d4e33f0:'/Users/wangjianzhi/Library/Developer/Xcode/Archives/2019-10-25/USB TPMS 2019-10-25, 11.56 AM.xcarchive/Products/Applications/USB TPMS.app/Contents/Frameworks/libswiftCoreFoundation.dylib'>', codeSigningInfo='<_DVTCodeSigningInformation_Path: 0x7ff17c63eef0; isSigned='1', isAdHocSigned='0', signingCertificate='<DVTSigningCertificate: 0x7ff18229f740; name='Mac Developer: Steve Yu (QCZM92LM36)', hash='A52B44BBD862689AF0EF294359AA157AC8412312', serialNumber='4D234A6F50D04E9F', certificateKinds='(
    "1.2.840.113635.100.6.1.12"
), issueDate='2019-09-06 03:10:03 +0000''>', entitlements='(null)', teamID='HEQGGF6N89', identifier='com.apple.dt.runtime.swiftCoreFoundation', executablePath='<DVTFilePath:0x7ff17d4e33f0:'/Users/wangjianzhi/Library/Developer/Xcode/Archives/2019-10-25/USB TPMS 2019-10-25, 11.56 AM.xcarchive/Products/Applications/USB TPMS.app/Contents/Frameworks/libswiftCoreFoundation.dylib'>', hardenedRuntime='0'>'>
2019-10-25 03:57:04 +0000  Skipping stripping extended attributes of item: <IDEDistributionItem: 0x7ff176d51e40; bundleID='com.apple.dt.runtime.swiftCoreGraphics', path='<DVTFilePath:0x7ff173408bc0:'/Users/wangjianzhi/Library/Developer/Xcode/Archives/2019-10-25/USB TPMS 2019-10-25, 11.56 AM.xcarchive/Products/Applications/USB TPMS.app/Contents/Frameworks/libswiftCoreGraphics.dylib'>', codeSigningInfo='<_DVTCodeSigningInformation_Path: 0x7ff17977ca00; isSigned='1', isAdHocSigned='0', signingCertificate='<DVTSigningCertificate: 0x7ff183051f00; name='Mac Developer: Steve Yu (QCZM92LM36)', hash='A52B44BBD862689AF0EF294359AA157AC8412312', serialNumber='4D234A6F50D04E9F', certificateKinds='(
    "1.2.840.113635.100.6.1.12"
), issueDate='2019-09-06 03:10:03 +0000''>', entitlements='(null)', teamID='HEQGGF6N89', identifier='com.apple.dt.runtime.swiftCoreGraphics', executablePath='<DVTFilePath:0x7ff173408bc0:'/Users/wangjianzhi/Library/Developer/Xcode/Archives/2019-10-25/USB TPMS 2019-10-25, 11.56 AM.xcarchive/Products/Applications/USB TPMS.app/Contents/Frameworks/libswiftCoreGraphics.dylib'>', hardenedRuntime='0'>'>
2019-10-25 03:57:04 +0000  Skipping stripping extended attributes of item: <IDEDistributionItem: 0x7ff17d4dded0; bundleID='com.apple.dt.runtime.swiftDarwin', path='<DVTFilePath:0x7ff171a66740:'/Users/wangjianzhi/Library/Developer/Xcode/Archives/2019-10-25/USB TPMS 2019-10-25, 11.56 AM.xcarchive/Products/Applications/USB TPMS.app/Contents/Frameworks/libswiftDarwin.dylib'>', codeSigningInfo='<_DVTCodeSigningInformation_Path: 0x7ff16f20dc20; isSigned='1', isAdHocSigned='0', signingCertificate='<DVTSigningCertificate: 0x7ff183051f00; name='Mac Developer: Steve Yu (QCZM92LM36)', hash='A52B44BBD862689AF0EF294359AA157AC8412312', serialNumber='4D234A6F50D04E9F', certificateKinds='(
    "1.2.840.113635.100.6.1.12"
), issueDate='2019-09-06 03:10:03 +0000''>', entitlements='(null)', teamID='HEQGGF6N89', identifier='com.apple.dt.runtime.swiftDarwin', executablePath='<DVTFilePath:0x7ff171a66740:'/Users/wangjianzhi/Library/Developer/Xcode/Archives/2019-10-25/USB TPMS 2019-10-25, 11.56 AM.xcarchive/Products/Applications/USB TPMS.app/Contents/Frameworks/libswiftDarwin.dylib'>', hardenedRuntime='0'>'>
2019-10-25 03:57:04 +0000  Skipping stripping extended attributes of item: <IDEDistributionItem: 0x7ff17d4e6c30; bundleID='com.apple.dt.runtime.swiftDispatch', path='<DVTFilePath:0x7ff171bcfee0:'/Users/wangjianzhi/Library/Developer/Xcode/Archives/2019-10-25/USB TPMS 2019-10-25, 11.56 AM.xcarchive/Products/Applications/USB TPMS.app/Contents/Frameworks/libswiftDispatch.dylib'>', codeSigningInfo='<_DVTCodeSigningInformation_Path: 0x7ff17827a200; isSigned='1', isAdHocSigned='0', signingCertificate='<DVTSigningCertificate: 0x7ff1798924b0; name='Mac Developer: Steve Yu (QCZM92LM36)', hash='A52B44BBD862689AF0EF294359AA157AC8412312', serialNumber='4D234A6F50D04E9F', certificateKinds='(
    "1.2.840.113635.100.6.1.12"
), issueDate='2019-09-06 03:10:03 +0000''>', entitlements='(null)', teamID='HEQGGF6N89', identifier='com.apple.dt.runtime.swiftDispatch', executablePath='<DVTFilePath:0x7ff171bcfee0:'/Users/wangjianzhi/Library/Developer/Xcode/Archives/2019-10-25/USB TPMS 2019-10-25, 11.56 AM.xcarchive/Products/Applications/USB TPMS.app/Contents/Frameworks/libswiftDispatch.dylib'>', hardenedRuntime='0'>'>
2019-10-25 03:57:04 +0000  Skipping stripping extended attributes of item: <IDEDistributionItem: 0x7ff17cd397b0; bundleID='com.apple.dt.runtime.swiftFoundation', path='<DVTFilePath:0x7ff17d44a7a0:'/Users/wangjianzhi/Library/Developer/Xcode/Archives/2019-10-25/USB TPMS 2019-10-25, 11.56 AM.xcarchive/Products/Applications/USB TPMS.app/Contents/Frameworks/libswiftFoundation.dylib'>', codeSigningInfo='<_DVTCodeSigningInformation_Path: 0x7ff174a007a0; isSigned='1', isAdHocSigned='0', signingCertificate='<DVTSigningCertificate: 0x7ff183051f00; name='Mac Developer: Steve Yu (QCZM92LM36)', hash='A52B44BBD862689AF0EF294359AA157AC8412312', serialNumber='4D234A6F50D04E9F', certificateKinds='(
    "1.2.840.113635.100.6.1.12"
), issueDate='2019-09-06 03:10:03 +0000''>', entitlements='(null)', teamID='HEQGGF6N89', identifier='com.apple.dt.runtime.swiftFoundation', executablePath='<DVTFilePath:0x7ff17d44a7a0:'/Users/wangjianzhi/Library/Developer/Xcode/Archives/2019-10-25/USB TPMS 2019-10-25, 11.56 AM.xcarchive/Products/Applications/USB TPMS.app/Contents/Frameworks/libswiftFoundation.dylib'>', hardenedRuntime='0'>'>
2019-10-25 03:57:04 +0000  Skipping stripping extended attributes of item: <IDEDistributionItem: 0x7ff176df6060; bundleID='com.apple.dt.runtime.swiftIOKit', path='<DVTFilePath:0x7ff171af11a0:'/Users/wangjianzhi/Library/Developer/Xcode/Archives/2019-10-25/USB TPMS 2019-10-25, 11.56 AM.xcarchive/Products/Applications/USB TPMS.app/Contents/Frameworks/libswiftIOKit.dylib'>', codeSigningInfo='<_DVTCodeSigningInformation_Path: 0x7ff16f1363e0; isSigned='1', isAdHocSigned='0', signingCertificate='<DVTSigningCertificate: 0x7ff183051f00; name='Mac Developer: Steve Yu (QCZM92LM36)', hash='A52B44BBD862689AF0EF294359AA157AC8412312', serialNumber='4D234A6F50D04E9F', certificateKinds='(
    "1.2.840.113635.100.6.1.12"
), issueDate='2019-09-06 03:10:03 +0000''>', entitlements='(null)', teamID='HEQGGF6N89', identifier='com.apple.dt.runtime.swiftIOKit', executablePath='<DVTFilePath:0x7ff171af11a0:'/Users/wangjianzhi/Library/Developer/Xcode/Archives/2019-10-25/USB TPMS 2019-10-25, 11.56 AM.xcarchive/Products/Applications/USB TPMS.app/Contents/Frameworks/libswiftIOKit.dylib'>', hardenedRuntime='0'>'>
2019-10-25 03:57:04 +0000  Skipping stripping extended attributes of item: <IDEDistributionItem: 0x7ff1783e18a0; bundleID='com.apple.dt.runtime.swiftObjectiveC', path='<DVTFilePath:0x7ff17428c590:'/Users/wangjianzhi/Library/Developer/Xcode/Archives/2019-10-25/USB TPMS 2019-10-25, 11.56 AM.xcarchive/Products/Applications/USB TPMS.app/Contents/Frameworks/libswiftObjectiveC.dylib'>', codeSigningInfo='<_DVTCodeSigningInformation_Path: 0x7ff17d4d27e0; isSigned='1', isAdHocSigned='0', signingCertificate='<DVTSigningCertificate: 0x7ff183051f00; name='Mac Developer: Steve Yu (QCZM92LM36)', hash='A52B44BBD862689AF0EF294359AA157AC8412312', serialNumber='4D234A6F50D04E9F', certificateKinds='(
    "1.2.840.113635.100.6.1.12"
), issueDate='2019-09-06 03:10:03 +0000''>', entitlements='(null)', teamID='HEQGGF6N89', identifier='com.apple.dt.runtime.swiftObjectiveC', executablePath='<DVTFilePath:0x7ff17428c590:'/Users/wangjianzhi/Library/Developer/Xcode/Archives/2019-10-25/USB TPMS 2019-10-25, 11.56 AM.xcarchive/Products/Applications/USB TPMS.app/Contents/Frameworks/libswiftObjectiveC.dylib'>', hardenedRuntime='0'>'>
2019-10-25 03:57:04 +0000  Skipping stripping extended attributes of item: <IDEDistributionItem: 0x7ff176dfa290; bundleID='com.openreelsoftware.ORSSerialPort-Tests', path='<DVTFilePath:0x7ff18bc1fa20:'/Users/wangjianzhi/Library/Developer/Xcode/Archives/2019-10-25/USB TPMS 2019-10-25, 11.56 AM.xcarchive/Products/Applications/USB TPMS.app/Contents/PlugIns/ORSSerialPort Tests.xctest'>', codeSigningInfo='<_DVTCodeSigningInformation_Path: 0x7ff17b779b10; isSigned='1', isAdHocSigned='0', signingCertificate='<DVTSigningCertificate: 0x7ff183051f00; name='Mac Developer: Steve Yu (QCZM92LM36)', hash='A52B44BBD862689AF0EF294359AA157AC8412312', serialNumber='4D234A6F50D04E9F', certificateKinds='(
    "1.2.840.113635.100.6.1.12"
), issueDate='2019-09-06 03:10:03 +0000''>', entitlements='(null)', teamID='HEQGGF6N89', identifier='com.openreelsoftware.ORSSerialPort-Tests', executablePath='<DVTFilePath:0x7ff174843d50:'/Users/wangjianzhi/Library/Developer/Xcode/Archives/2019-10-25/USB TPMS 2019-10-25, 11.56 AM.xcarchive/Products/Applications/USB TPMS.app/Contents/PlugIns/ORSSerialPort Tests.xctest/Contents/MacOS/ORSSerialPort Tests'>', hardenedRuntime='0'>'>
2019-10-25 03:57:04 +0000  Running /usr/bin/xattr '-crs' '/var/folders/cm/437_zr854_77wpn99kbnmpb40000gn/T/XcodeDistPipeline.~~~XxljcJ/Root/Applications/USB TPMS.app'
2019-10-25 03:57:04 +0000  /usr/bin/xattr exited with 0
2019-10-25 03:57:04 +0000  Processing step: IDEDistributionCodesignStep
2019-10-25 03:57:04 +0000  Entitlements for <IDEDistributionItem: 0x7ff1783ba220; bundleID='org.cocoapods.Lottie', path='<DVTFilePath:0x7ff17d49b200:'/Users/wangjianzhi/Library/Developer/Xcode/Archives/2019-10-25/USB TPMS 2019-10-25, 11.56 AM.xcarchive/Products/Applications/USB TPMS.app/Contents/Frameworks/Lottie.framework/Versions/A'>', codeSigningInfo='<_DVTCodeSigningInformation_Path: 0x7ff17cd5e660; isSigned='1', isAdHocSigned='0', signingCertificate='<DVTSigningCertificate: 0x7ff1798924b0; name='Mac Developer: Steve Yu (QCZM92LM36)', hash='A52B44BBD862689AF0EF294359AA157AC8412312', serialNumber='4D234A6F50D04E9F', certificateKinds='(
    "1.2.840.113635.100.6.1.12"
), issueDate='2019-09-06 03:10:03 +0000''>', entitlements='(null)', teamID='HEQGGF6N89', identifier='org.cocoapods.Lottie', executablePath='<DVTFilePath:0x7ff17d60b1a0:'/Users/wangjianzhi/Library/Developer/Xcode/Archives/2019-10-25/USB TPMS 2019-10-25, 11.56 AM.xcarchive/Products/Applications/USB TPMS.app/Contents/Frameworks/Lottie.framework/Versions/A/Lottie'>', hardenedRuntime='0'>'>: {
}
2019-10-25 03:57:04 +0000  Writing entitlements for <IDEDistributionItem: 0x7ff1783ba220; bundleID='org.cocoapods.Lottie', path='<DVTFilePath:0x7ff17d49b200:'/Users/wangjianzhi/Library/Developer/Xcode/Archives/2019-10-25/USB TPMS 2019-10-25, 11.56 AM.xcarchive/Products/Applications/USB TPMS.app/Contents/Frameworks/Lottie.framework/Versions/A'>', codeSigningInfo='<_DVTCodeSigningInformation_Path: 0x7ff17cd5e660; isSigned='1', isAdHocSigned='0', signingCertificate='<DVTSigningCertificate: 0x7ff17b3e52d0; name='Mac Developer: Steve Yu (QCZM92LM36)', hash='A52B44BBD862689AF0EF294359AA157AC8412312', serialNumber='4D234A6F50D04E9F', certificateKinds='(
    "1.2.840.113635.100.6.1.12"
), issueDate='2019-09-06 03:10:03 +0000''>', entitlements='(null)', teamID='HEQGGF6N89', identifier='org.cocoapods.Lottie', executablePath='<DVTFilePath:0x7ff17d60b1a0:'/Users/wangjianzhi/Library/Developer/Xcode/Archives/2019-10-25/USB TPMS 2019-10-25, 11.56 AM.xcarchive/Products/Applications/USB TPMS.app/Contents/Frameworks/Lottie.framework/Versions/A/Lottie'>', hardenedRuntime='0'>'> to: /var/folders/cm/437_zr854_77wpn99kbnmpb40000gn/T/XcodeDistPipeline.~~~XxljcJ/entitlements~~~LNq6Ml
2019-10-25 03:57:04 +0000  Running /usr/bin/codesign '-vvv' '--force' '--sign' 'FBE9FE29573F42878954CFA2E24091BE9E7102A0' '--entitlements' '/var/folders/cm/437_zr854_77wpn99kbnmpb40000gn/T/XcodeDistPipeline.~~~XxljcJ/entitlements~~~LNq6Ml' '--preserve-metadata=identifier,flags,runtime' '--requirements' '=designated => anchor apple generic  and identifier "$self.identifier" and ((cert leaf[field.1.2.840.113635.100.6.1.9] exists) or ( certificate 1[field.1.2.840.113635.100.6.2.6] exists and certificate leaf[field.1.2.840.113635.100.6.1.13] exists  and certificate leaf[subject.OU] = "HEQGGF6N89" ))' '/var/folders/cm/437_zr854_77wpn99kbnmpb40000gn/T/XcodeDistPipeline.~~~XxljcJ/Root/Applications/USB TPMS.app/Contents/Frameworks/Lottie.framework/Versions/A'
2019-10-25 03:57:04 +0000  /var/folders/cm/437_zr854_77wpn99kbnmpb40000gn/T/XcodeDistPipeline.~~~XxljcJ/Root/Applications/USB TPMS.app/Contents/Frameworks/Lottie.framework/Versions/A: replacing existing signature
2019-10-25 03:57:05 +0000  /var/folders/cm/437_zr854_77wpn99kbnmpb40000gn/T/XcodeDistPipeline.~~~XxljcJ/Root/Applications/USB TPMS.app/Contents/Frameworks/Lottie.framework/Versions/A: signed bundle with Mach-O thin (x86_64) [org.cocoapods.Lottie]
2019-10-25 03:57:05 +0000  /usr/bin/codesign exited with 0
2019-10-25 03:57:05 +0000  Entitlements for <IDEDistributionItem: 0x7ff1725353a0; bundleID='com.openreelsoftware.ORSSerial', path='<DVTFilePath:0x7ff18bda1640:'/Users/wangjianzhi/Library/Developer/Xcode/Archives/2019-10-25/USB TPMS 2019-10-25, 11.56 AM.xcarchive/Products/Applications/USB TPMS.app/Contents/Frameworks/ORSSerial.framework/Versions/A'>', codeSigningInfo='<_DVTCodeSigningInformation_Path: 0x7ff17cf0ab50; isSigned='1', isAdHocSigned='0', signingCertificate='<DVTSigningCertificate: 0x7ff1798924b0; name='Mac Developer: Steve Yu (QCZM92LM36)', hash='A52B44BBD862689AF0EF294359AA157AC8412312', serialNumber='4D234A6F50D04E9F', certificateKinds='(
    "1.2.840.113635.100.6.1.12"
), issueDate='2019-09-06 03:10:03 +0000''>', entitlements='(null)', teamID='HEQGGF6N89', identifier='com.openreelsoftware.ORSSerial', executablePath='<DVTFilePath:0x7ff17d6141e0:'/Users/wangjianzhi/Library/Developer/Xcode/Archives/2019-10-25/USB TPMS 2019-10-25, 11.56 AM.xcarchive/Products/Applications/USB TPMS.app/Contents/Frameworks/ORSSerial.framework/Versions/A/ORSSerial'>', hardenedRuntime='0'>'>: {
}
2019-10-25 03:57:05 +0000  Writing entitlements for <IDEDistributionItem: 0x7ff1725353a0; bundleID='com.openreelsoftware.ORSSerial', path='<DVTFilePath:0x7ff18bda1640:'/Users/wangjianzhi/Library/Developer/Xcode/Archives/2019-10-25/USB TPMS 2019-10-25, 11.56 AM.xcarchive/Products/Applications/USB TPMS.app/Contents/Frameworks/ORSSerial.framework/Versions/A'>', codeSigningInfo='<_DVTCodeSigningInformation_Path: 0x7ff17cf0ab50; isSigned='1', isAdHocSigned='0', signingCertificate='<DVTSigningCertificate: 0x7ff17d3d19e0; name='Mac Developer: Steve Yu (QCZM92LM36)', hash='A52B44BBD862689AF0EF294359AA157AC8412312', serialNumber='4D234A6F50D04E9F', certificateKinds='(
    "1.2.840.113635.100.6.1.12"
), issueDate='2019-09-06 03:10:03 +0000''>', entitlements='(null)', teamID='HEQGGF6N89', identifier='com.openreelsoftware.ORSSerial', executablePath='<DVTFilePath:0x7ff17d6141e0:'/Users/wangjianzhi/Library/Developer/Xcode/Archives/2019-10-25/USB TPMS 2019-10-25, 11.56 AM.xcarchive/Products/Applications/USB TPMS.app/Contents/Frameworks/ORSSerial.framework/Versions/A/ORSSerial'>', hardenedRuntime='0'>'> to: /var/folders/cm/437_zr854_77wpn99kbnmpb40000gn/T/XcodeDistPipeline.~~~XxljcJ/entitlements~~~KqmhSN
2019-10-25 03:57:05 +0000  Running /usr/bin/codesign '-vvv' '--force' '--sign' 'FBE9FE29573F42878954CFA2E24091BE9E7102A0' '--entitlements' '/var/folders/cm/437_zr854_77wpn99kbnmpb40000gn/T/XcodeDistPipeline.~~~XxljcJ/entitlements~~~KqmhSN' '--preserve-metadata=identifier,flags,runtime' '--requirements' '=designated => anchor apple generic  and identifier "$self.identifier" and ((cert leaf[field.1.2.840.113635.100.6.1.9] exists) or ( certificate 1[field.1.2.840.113635.100.6.2.6] exists and certificate leaf[field.1.2.840.113635.100.6.1.13] exists  and certificate leaf[subject.OU] = "HEQGGF6N89" ))' '/var/folders/cm/437_zr854_77wpn99kbnmpb40000gn/T/XcodeDistPipeline.~~~XxljcJ/Root/Applications/USB TPMS.app/Contents/Frameworks/ORSSerial.framework/Versions/A'
2019-10-25 03:57:05 +0000  /var/folders/cm/437_zr854_77wpn99kbnmpb40000gn/T/XcodeDistPipeline.~~~XxljcJ/Root/Applications/USB TPMS.app/Contents/Frameworks/ORSSerial.framework/Versions/A: replacing existing signature
2019-10-25 03:57:05 +0000  /var/folders/cm/437_zr854_77wpn99kbnmpb40000gn/T/XcodeDistPipeline.~~~XxljcJ/Root/Applications/USB TPMS.app/Contents/Frameworks/ORSSerial.framework/Versions/A: signed bundle with Mach-O thin (x86_64) [com.openreelsoftware.ORSSerial]
2019-10-25 03:57:05 +0000  /usr/bin/codesign exited with 0
2019-10-25 03:57:05 +0000  Entitlements for <IDEDistributionItem: 0x7ff176cf3e30; bundleID='com.apple.dt.runtime.swiftCore', path='<DVTFilePath:0x7ff17cd4add0:'/Users/wangjianzhi/Library/Developer/Xcode/Archives/2019-10-25/USB TPMS 2019-10-25, 11.56 AM.xcarchive/Products/Applications/USB TPMS.app/Contents/Frameworks/libswiftCore.dylib'>', codeSigningInfo='<_DVTCodeSigningInformation_Path: 0x7ff178779940; isSigned='1', isAdHocSigned='0', signingCertificate='<DVTSigningCertificate: 0x7ff171cfa4b0; name='Mac Developer: Steve Yu (QCZM92LM36)', hash='A52B44BBD862689AF0EF294359AA157AC8412312', serialNumber='4D234A6F50D04E9F', certificateKinds='(
    "1.2.840.113635.100.6.1.12"
), issueDate='2019-09-06 03:10:03 +0000''>', entitlements='(null)', teamID='HEQGGF6N89', identifier='com.apple.dt.runtime.swiftCore', executablePath='<DVTFilePath:0x7ff17cd4add0:'/Users/wangjianzhi/Library/Developer/Xcode/Archives/2019-10-25/USB TPMS 2019-10-25, 11.56 AM.xcarchive/Products/Applications/USB TPMS.app/Contents/Frameworks/libswiftCore.dylib'>', hardenedRuntime='0'>'>: {
}
2019-10-25 03:57:05 +0000  Writing entitlements for <IDEDistributionItem: 0x7ff176cf3e30; bundleID='com.apple.dt.runtime.swiftCore', path='<DVTFilePath:0x7ff17cd4add0:'/Users/wangjianzhi/Library/Developer/Xcode/Archives/2019-10-25/USB TPMS 2019-10-25, 11.56 AM.xcarchive/Products/Applications/USB TPMS.app/Contents/Frameworks/libswiftCore.dylib'>', codeSigningInfo='<_DVTCodeSigningInformation_Path: 0x7ff178779940; isSigned='1', isAdHocSigned='0', signingCertificate='<DVTSigningCertificate: 0x7ff17d3d19e0; name='Mac Developer: Steve Yu (QCZM92LM36)', hash='A52B44BBD862689AF0EF294359AA157AC8412312', serialNumber='4D234A6F50D04E9F', certificateKinds='(
    "1.2.840.113635.100.6.1.12"
), issueDate='2019-09-06 03:10:03 +0000''>', entitlements='(null)', teamID='HEQGGF6N89', identifier='com.apple.dt.runtime.swiftCore', executablePath='<DVTFilePath:0x7ff17cd4add0:'/Users/wangjianzhi/Library/Developer/Xcode/Archives/2019-10-25/USB TPMS 2019-10-25, 11.56 AM.xcarchive/Products/Applications/USB TPMS.app/Contents/Frameworks/libswiftCore.dylib'>', hardenedRuntime='0'>'> to: /var/folders/cm/437_zr854_77wpn99kbnmpb40000gn/T/XcodeDistPipeline.~~~XxljcJ/entitlements~~~SBA2Wv
2019-10-25 03:57:05 +0000  Running /usr/bin/codesign '-vvv' '--force' '--sign' 'FBE9FE29573F42878954CFA2E24091BE9E7102A0' '--entitlements' '/var/folders/cm/437_zr854_77wpn99kbnmpb40000gn/T/XcodeDistPipeline.~~~XxljcJ/entitlements~~~SBA2Wv' '--preserve-metadata=identifier,flags,runtime' '--requirements' '=designated => anchor apple generic  and identifier "$self.identifier" and ((cert leaf[field.1.2.840.113635.100.6.1.9] exists) or ( certificate 1[field.1.2.840.113635.100.6.2.6] exists and certificate leaf[field.1.2.840.113635.100.6.1.13] exists  and certificate leaf[subject.OU] = "HEQGGF6N89" ))' '/var/folders/cm/437_zr854_77wpn99kbnmpb40000gn/T/XcodeDistPipeline.~~~XxljcJ/Root/Applications/USB TPMS.app/Contents/Frameworks/libswiftCore.dylib'
2019-10-25 03:57:05 +0000  /var/folders/cm/437_zr854_77wpn99kbnmpb40000gn/T/XcodeDistPipeline.~~~XxljcJ/Root/Applications/USB TPMS.app/Contents/Frameworks/libswiftCore.dylib: replacing existing signature
2019-10-25 03:57:06 +0000  /var/folders/cm/437_zr854_77wpn99kbnmpb40000gn/T/XcodeDistPipeline.~~~XxljcJ/Root/Applications/USB TPMS.app/Contents/Frameworks/libswiftCore.dylib: signed Mach-O thin (x86_64) [com.apple.dt.runtime.swiftCore]
2019-10-25 03:57:06 +0000  /usr/bin/codesign exited with 0
2019-10-25 03:57:06 +0000  Entitlements for <IDEDistributionItem: 0x7ff174249c10; bundleID='com.apple.dt.runtime.swiftCoreFoundation', path='<DVTFilePath:0x7ff17d4e33f0:'/Users/wangjianzhi/Library/Developer/Xcode/Archives/2019-10-25/USB TPMS 2019-10-25, 11.56 AM.xcarchive/Products/Applications/USB TPMS.app/Contents/Frameworks/libswiftCoreFoundation.dylib'>', codeSigningInfo='<_DVTCodeSigningInformation_Path: 0x7ff17c63eef0; isSigned='1', isAdHocSigned='0', signingCertificate='<DVTSigningCertificate: 0x7ff17cc91d80; name='Mac Developer: Steve Yu (QCZM92LM36)', hash='A52B44BBD862689AF0EF294359AA157AC8412312', serialNumber='4D234A6F50D04E9F', certificateKinds='(
    "1.2.840.113635.100.6.1.12"
), issueDate='2019-09-06 03:10:03 +0000''>', entitlements='(null)', teamID='HEQGGF6N89', identifier='com.apple.dt.runtime.swiftCoreFoundation', executablePath='<DVTFilePath:0x7ff17d4e33f0:'/Users/wangjianzhi/Library/Developer/Xcode/Archives/2019-10-25/USB TPMS 2019-10-25, 11.56 AM.xcarchive/Products/Applications/USB TPMS.app/Contents/Frameworks/libswiftCoreFoundation.dylib'>', hardenedRuntime='0'>'>: {
}
2019-10-25 03:57:06 +0000  Writing entitlements for <IDEDistributionItem: 0x7ff174249c10; bundleID='com.apple.dt.runtime.swiftCoreFoundation', path='<DVTFilePath:0x7ff17d4e33f0:'/Users/wangjianzhi/Library/Developer/Xcode/Archives/2019-10-25/USB TPMS 2019-10-25, 11.56 AM.xcarchive/Products/Applications/USB TPMS.app/Contents/Frameworks/libswiftCoreFoundation.dylib'>', codeSigningInfo='<_DVTCodeSigningInformation_Path: 0x7ff17c63eef0; isSigned='1', isAdHocSigned='0', signingCertificate='<DVTSigningCertificate: 0x7ff17d4f36d0; name='Mac Developer: Steve Yu (QCZM92LM36)', hash='A52B44BBD862689AF0EF294359AA157AC8412312', serialNumber='4D234A6F50D04E9F', certificateKinds='(
    "1.2.840.113635.100.6.1.12"
), issueDate='2019-09-06 03:10:03 +0000''>', entitlements='(null)', teamID='HEQGGF6N89', identifier='com.apple.dt.runtime.swiftCoreFoundation', executablePath='<DVTFilePath:0x7ff17d4e33f0:'/Users/wangjianzhi/Library/Developer/Xcode/Archives/2019-10-25/USB TPMS 2019-10-25, 11.56 AM.xcarchive/Products/Applications/USB TPMS.app/Contents/Frameworks/libswiftCoreFoundation.dylib'>', hardenedRuntime='0'>'> to: /var/folders/cm/437_zr854_77wpn99kbnmpb40000gn/T/XcodeDistPipeline.~~~XxljcJ/entitlements~~~OpKz7e
2019-10-25 03:57:06 +0000  Running /usr/bin/codesign '-vvv' '--force' '--sign' 'FBE9FE29573F42878954CFA2E24091BE9E7102A0' '--entitlements' '/var/folders/cm/437_zr854_77wpn99kbnmpb40000gn/T/XcodeDistPipeline.~~~XxljcJ/entitlements~~~OpKz7e' '--preserve-metadata=identifier,flags,runtime' '--requirements' '=designated => anchor apple generic  and identifier "$self.identifier" and ((cert leaf[field.1.2.840.113635.100.6.1.9] exists) or ( certificate 1[field.1.2.840.113635.100.6.2.6] exists and certificate leaf[field.1.2.840.113635.100.6.1.13] exists  and certificate leaf[subject.OU] = "HEQGGF6N89" ))' '/var/folders/cm/437_zr854_77wpn99kbnmpb40000gn/T/XcodeDistPipeline.~~~XxljcJ/Root/Applications/USB TPMS.app/Contents/Frameworks/libswiftCoreFoundation.dylib'
2019-10-25 03:57:06 +0000  /var/folders/cm/437_zr854_77wpn99kbnmpb40000gn/T/XcodeDistPipeline.~~~XxljcJ/Root/Applications/USB TPMS.app/Contents/Frameworks/libswiftCoreFoundation.dylib: replacing existing signature
2019-10-25 03:57:06 +0000  /var/folders/cm/437_zr854_77wpn99kbnmpb40000gn/T/XcodeDistPipeline.~~~XxljcJ/Root/Applications/USB TPMS.app/Contents/Frameworks/libswiftCoreFoundation.dylib: signed Mach-O thin (x86_64) [com.apple.dt.runtime.swiftCoreFoundation]
2019-10-25 03:57:06 +0000  /usr/bin/codesign exited with 0
2019-10-25 03:57:06 +0000  Entitlements for <IDEDistributionItem: 0x7ff176d51e40; bundleID='com.apple.dt.runtime.swiftCoreGraphics', path='<DVTFilePath:0x7ff173408bc0:'/Users/wangjianzhi/Library/Developer/Xcode/Archives/2019-10-25/USB TPMS 2019-10-25, 11.56 AM.xcarchive/Products/Applications/USB TPMS.app/Contents/Frameworks/libswiftCoreGraphics.dylib'>', codeSigningInfo='<_DVTCodeSigningInformation_Path: 0x7ff17977ca00; isSigned='1', isAdHocSigned='0', signingCertificate='<DVTSigningCertificate: 0x7ff17d3d19e0; name='Mac Developer: Steve Yu (QCZM92LM36)', hash='A52B44BBD862689AF0EF294359AA157AC8412312', serialNumber='4D234A6F50D04E9F', certificateKinds='(
    "1.2.840.113635.100.6.1.12"
), issueDate='2019-09-06 03:10:03 +0000''>', entitlements='(null)', teamID='HEQGGF6N89', identifier='com.apple.dt.runtime.swiftCoreGraphics', executablePath='<DVTFilePath:0x7ff173408bc0:'/Users/wangjianzhi/Library/Developer/Xcode/Archives/2019-10-25/USB TPMS 2019-10-25, 11.56 AM.xcarchive/Products/Applications/USB TPMS.app/Contents/Frameworks/libswiftCoreGraphics.dylib'>', hardenedRuntime='0'>'>: {
}
2019-10-25 03:57:06 +0000  Writing entitlements for <IDEDistributionItem: 0x7ff176d51e40; bundleID='com.apple.dt.runtime.swiftCoreGraphics', path='<DVTFilePath:0x7ff173408bc0:'/Users/wangjianzhi/Library/Developer/Xcode/Archives/2019-10-25/USB TPMS 2019-10-25, 11.56 AM.xcarchive/Products/Applications/USB TPMS.app/Contents/Frameworks/libswiftCoreGraphics.dylib'>', codeSigningInfo='<_DVTCodeSigningInformation_Path: 0x7ff17977ca00; isSigned='1', isAdHocSigned='0', signingCertificate='<DVTSigningCertificate: 0x7ff17cc91d80; name='Mac Developer: Steve Yu (QCZM92LM36)', hash='A52B44BBD862689AF0EF294359AA157AC8412312', serialNumber='4D234A6F50D04E9F', certificateKinds='(
    "1.2.840.113635.100.6.1.12"
), issueDate='2019-09-06 03:10:03 +0000''>', entitlements='(null)', teamID='HEQGGF6N89', identifier='com.apple.dt.runtime.swiftCoreGraphics', executablePath='<DVTFilePath:0x7ff173408bc0:'/Users/wangjianzhi/Library/Developer/Xcode/Archives/2019-10-25/USB TPMS 2019-10-25, 11.56 AM.xcarchive/Products/Applications/USB TPMS.app/Contents/Frameworks/libswiftCoreGraphics.dylib'>', hardenedRuntime='0'>'> to: /var/folders/cm/437_zr854_77wpn99kbnmpb40000gn/T/XcodeDistPipeline.~~~XxljcJ/entitlements~~~gP77JH
2019-10-25 03:57:06 +0000  Running /usr/bin/codesign '-vvv' '--force' '--sign' 'FBE9FE29573F42878954CFA2E24091BE9E7102A0' '--entitlements' '/var/folders/cm/437_zr854_77wpn99kbnmpb40000gn/T/XcodeDistPipeline.~~~XxljcJ/entitlements~~~gP77JH' '--preserve-metadata=identifier,flags,runtime' '--requirements' '=designated => anchor apple generic  and identifier "$self.identifier" and ((cert leaf[field.1.2.840.113635.100.6.1.9] exists) or ( certificate 1[field.1.2.840.113635.100.6.2.6] exists and certificate leaf[field.1.2.840.113635.100.6.1.13] exists  and certificate leaf[subject.OU] = "HEQGGF6N89" ))' '/var/folders/cm/437_zr854_77wpn99kbnmpb40000gn/T/XcodeDistPipeline.~~~XxljcJ/Root/Applications/USB TPMS.app/Contents/Frameworks/libswiftCoreGraphics.dylib'
2019-10-25 03:57:06 +0000  /var/folders/cm/437_zr854_77wpn99kbnmpb40000gn/T/XcodeDistPipeline.~~~XxljcJ/Root/Applications/USB TPMS.app/Contents/Frameworks/libswiftCoreGraphics.dylib: replacing existing signature
2019-10-25 03:57:06 +0000  /var/folders/cm/437_zr854_77wpn99kbnmpb40000gn/T/XcodeDistPipeline.~~~XxljcJ/Root/Applications/USB TPMS.app/Contents/Frameworks/libswiftCoreGraphics.dylib: signed Mach-O thin (x86_64) [com.apple.dt.runtime.swiftCoreGraphics]
2019-10-25 03:57:06 +0000  /usr/bin/codesign exited with 0
2019-10-25 03:57:06 +0000  Entitlements for <IDEDistributionItem: 0x7ff17d4dded0; bundleID='com.apple.dt.runtime.swiftDarwin', path='<DVTFilePath:0x7ff171a66740:'/Users/wangjianzhi/Library/Developer/Xcode/Archives/2019-10-25/USB TPMS 2019-10-25, 11.56 AM.xcarchive/Products/Applications/USB TPMS.app/Contents/Frameworks/libswiftDarwin.dylib'>', codeSigningInfo='<_DVTCodeSigningInformation_Path: 0x7ff16f20dc20; isSigned='1', isAdHocSigned='0', signingCertificate='<DVTSigningCertificate: 0x7ff183051f00; name='Mac Developer: Steve Yu (QCZM92LM36)', hash='A52B44BBD862689AF0EF294359AA157AC8412312', serialNumber='4D234A6F50D04E9F', certificateKinds='(
    "1.2.840.113635.100.6.1.12"
), issueDate='2019-09-06 03:10:03 +0000''>', entitlements='(null)', teamID='HEQGGF6N89', identifier='com.apple.dt.runtime.swiftDarwin', executablePath='<DVTFilePath:0x7ff171a66740:'/Users/wangjianzhi/Library/Developer/Xcode/Archives/2019-10-25/USB TPMS 2019-10-25, 11.56 AM.xcarchive/Products/Applications/USB TPMS.app/Contents/Frameworks/libswiftDarwin.dylib'>', hardenedRuntime='0'>'>: {
}
2019-10-25 03:57:06 +0000  Writing entitlements for <IDEDistributionItem: 0x7ff17d4dded0; bundleID='com.apple.dt.runtime.swiftDarwin', path='<DVTFilePath:0x7ff171a66740:'/Users/wangjianzhi/Library/Developer/Xcode/Archives/2019-10-25/USB TPMS 2019-10-25, 11.56 AM.xcarchive/Products/Applications/USB TPMS.app/Contents/Frameworks/libswiftDarwin.dylib'>', codeSigningInfo='<_DVTCodeSigningInformation_Path: 0x7ff16f20dc20; isSigned='1', isAdHocSigned='0', signingCertificate='<DVTSigningCertificate: 0x7ff17cc91d80; name='Mac Developer: Steve Yu (QCZM92LM36)', hash='A52B44BBD862689AF0EF294359AA157AC8412312', serialNumber='4D234A6F50D04E9F', certificateKinds='(
    "1.2.840.113635.100.6.1.12"
), issueDate='2019-09-06 03:10:03 +0000''>', entitlements='(null)', teamID='HEQGGF6N89', identifier='com.apple.dt.runtime.swiftDarwin', executablePath='<DVTFilePath:0x7ff171a66740:'/Users/wangjianzhi/Library/Developer/Xcode/Archives/2019-10-25/USB TPMS 2019-10-25, 11.56 AM.xcarchive/Products/Applications/USB TPMS.app/Contents/Frameworks/libswiftDarwin.dylib'>', hardenedRuntime='0'>'> to: /var/folders/cm/437_zr854_77wpn99kbnmpb40000gn/T/XcodeDistPipeline.~~~XxljcJ/entitlements~~~dCEpIc
2019-10-25 03:57:06 +0000  Running /usr/bin/codesign '-vvv' '--force' '--sign' 'FBE9FE29573F42878954CFA2E24091BE9E7102A0' '--entitlements' '/var/folders/cm/437_zr854_77wpn99kbnmpb40000gn/T/XcodeDistPipeline.~~~XxljcJ/entitlements~~~dCEpIc' '--preserve-metadata=identifier,flags,runtime' '--requirements' '=designated => anchor apple generic  and identifier "$self.identifier" and ((cert leaf[field.1.2.840.113635.100.6.1.9] exists) or ( certificate 1[field.1.2.840.113635.100.6.2.6] exists and certificate leaf[field.1.2.840.113635.100.6.1.13] exists  and certificate leaf[subject.OU] = "HEQGGF6N89" ))' '/var/folders/cm/437_zr854_77wpn99kbnmpb40000gn/T/XcodeDistPipeline.~~~XxljcJ/Root/Applications/USB TPMS.app/Contents/Frameworks/libswiftDarwin.dylib'
2019-10-25 03:57:06 +0000  /var/folders/cm/437_zr854_77wpn99kbnmpb40000gn/T/XcodeDistPipeline.~~~XxljcJ/Root/Applications/USB TPMS.app/Contents/Frameworks/libswiftDarwin.dylib: replacing existing signature
2019-10-25 03:57:07 +0000  /var/folders/cm/437_zr854_77wpn99kbnmpb40000gn/T/XcodeDistPipeline.~~~XxljcJ/Root/Applications/USB TPMS.app/Contents/Frameworks/libswiftDarwin.dylib: signed Mach-O thin (x86_64) [com.apple.dt.runtime.swiftDarwin]
2019-10-25 03:57:07 +0000  /usr/bin/codesign exited with 0
2019-10-25 03:57:07 +0000  Entitlements for <IDEDistributionItem: 0x7ff17d4e6c30; bundleID='com.apple.dt.runtime.swiftDispatch', path='<DVTFilePath:0x7ff171bcfee0:'/Users/wangjianzhi/Library/Developer/Xcode/Archives/2019-10-25/USB TPMS 2019-10-25, 11.56 AM.xcarchive/Products/Applications/USB TPMS.app/Contents/Frameworks/libswiftDispatch.dylib'>', codeSigningInfo='<_DVTCodeSigningInformation_Path: 0x7ff17827a200; isSigned='1', isAdHocSigned='0', signingCertificate='<DVTSigningCertificate: 0x7ff17c40d3e0; name='Mac Developer: Steve Yu (QCZM92LM36)', hash='A52B44BBD862689AF0EF294359AA157AC8412312', serialNumber='4D234A6F50D04E9F', certificateKinds='(
    "1.2.840.113635.100.6.1.12"
), issueDate='2019-09-06 03:10:03 +0000''>', entitlements='(null)', teamID='HEQGGF6N89', identifier='com.apple.dt.runtime.swiftDispatch', executablePath='<DVTFilePath:0x7ff171bcfee0:'/Users/wangjianzhi/Library/Developer/Xcode/Archives/2019-10-25/USB TPMS 2019-10-25, 11.56 AM.xcarchive/Products/Applications/USB TPMS.app/Contents/Frameworks/libswiftDispatch.dylib'>', hardenedRuntime='0'>'>: {
}
2019-10-25 03:57:07 +0000  Writing entitlements for <IDEDistributionItem: 0x7ff17d4e6c30; bundleID='com.apple.dt.runtime.swiftDispatch', path='<DVTFilePath:0x7ff171bcfee0:'/Users/wangjianzhi/Library/Developer/Xcode/Archives/2019-10-25/USB TPMS 2019-10-25, 11.56 AM.xcarchive/Products/Applications/USB TPMS.app/Contents/Frameworks/libswiftDispatch.dylib'>', codeSigningInfo='<_DVTCodeSigningInformation_Path: 0x7ff17827a200; isSigned='1', isAdHocSigned='0', signingCertificate='<DVTSigningCertificate: 0x7ff182783230; name='Mac Developer: Steve Yu (QCZM92LM36)', hash='A52B44BBD862689AF0EF294359AA157AC8412312', serialNumber='4D234A6F50D04E9F', certificateKinds='(
    "1.2.840.113635.100.6.1.12"
), issueDate='2019-09-06 03:10:03 +0000''>', entitlements='(null)', teamID='HEQGGF6N89', identifier='com.apple.dt.runtime.swiftDispatch', executablePath='<DVTFilePath:0x7ff171bcfee0:'/Users/wangjianzhi/Library/Developer/Xcode/Archives/2019-10-25/USB TPMS 2019-10-25, 11.56 AM.xcarchive/Products/Applications/USB TPMS.app/Contents/Frameworks/libswiftDispatch.dylib'>', hardenedRuntime='0'>'> to: /var/folders/cm/437_zr854_77wpn99kbnmpb40000gn/T/XcodeDistPipeline.~~~XxljcJ/entitlements~~~TRUN94
2019-10-25 03:57:07 +0000  Running /usr/bin/codesign '-vvv' '--force' '--sign' 'FBE9FE29573F42878954CFA2E24091BE9E7102A0' '--entitlements' '/var/folders/cm/437_zr854_77wpn99kbnmpb40000gn/T/XcodeDistPipeline.~~~XxljcJ/entitlements~~~TRUN94' '--preserve-metadata=identifier,flags,runtime' '--requirements' '=designated => anchor apple generic  and identifier "$self.identifier" and ((cert leaf[field.1.2.840.113635.100.6.1.9] exists) or ( certificate 1[field.1.2.840.113635.100.6.2.6] exists and certificate leaf[field.1.2.840.113635.100.6.1.13] exists  and certificate leaf[subject.OU] = "HEQGGF6N89" ))' '/var/folders/cm/437_zr854_77wpn99kbnmpb40000gn/T/XcodeDistPipeline.~~~XxljcJ/Root/Applications/USB TPMS.app/Contents/Frameworks/libswiftDispatch.dylib'
2019-10-25 03:57:07 +0000  /var/folders/cm/437_zr854_77wpn99kbnmpb40000gn/T/XcodeDistPipeline.~~~XxljcJ/Root/Applications/USB TPMS.app/Contents/Frameworks/libswiftDispatch.dylib: replacing existing signature
2019-10-25 03:57:07 +0000  /var/folders/cm/437_zr854_77wpn99kbnmpb40000gn/T/XcodeDistPipeline.~~~XxljcJ/Root/Applications/USB TPMS.app/Contents/Frameworks/libswiftDispatch.dylib: signed Mach-O thin (x86_64) [com.apple.dt.runtime.swiftDispatch]
2019-10-25 03:57:07 +0000  /usr/bin/codesign exited with 0
2019-10-25 03:57:07 +0000  Entitlements for <IDEDistributionItem: 0x7ff17cd397b0; bundleID='com.apple.dt.runtime.swiftFoundation', path='<DVTFilePath:0x7ff17d44a7a0:'/Users/wangjianzhi/Library/Developer/Xcode/Archives/2019-10-25/USB TPMS 2019-10-25, 11.56 AM.xcarchive/Products/Applications/USB TPMS.app/Contents/Frameworks/libswiftFoundation.dylib'>', codeSigningInfo='<_DVTCodeSigningInformation_Path: 0x7ff174a007a0; isSigned='1', isAdHocSigned='0', signingCertificate='<DVTSigningCertificate: 0x7ff17b3e52d0; name='Mac Developer: Steve Yu (QCZM92LM36)', hash='A52B44BBD862689AF0EF294359AA157AC8412312', serialNumber='4D234A6F50D04E9F', certificateKinds='(
    "1.2.840.113635.100.6.1.12"
), issueDate='2019-09-06 03:10:03 +0000''>', entitlements='(null)', teamID='HEQGGF6N89', identifier='com.apple.dt.runtime.swiftFoundation', executablePath='<DVTFilePath:0x7ff17d44a7a0:'/Users/wangjianzhi/Library/Developer/Xcode/Archives/2019-10-25/USB TPMS 2019-10-25, 11.56 AM.xcarchive/Products/Applications/USB TPMS.app/Contents/Frameworks/libswiftFoundation.dylib'>', hardenedRuntime='0'>'>: {
}
2019-10-25 03:57:07 +0000  Writing entitlements for <IDEDistributionItem: 0x7ff17cd397b0; bundleID='com.apple.dt.runtime.swiftFoundation', path='<DVTFilePath:0x7ff17d44a7a0:'/Users/wangjianzhi/Library/Developer/Xcode/Archives/2019-10-25/USB TPMS 2019-10-25, 11.56 AM.xcarchive/Products/Applications/USB TPMS.app/Contents/Frameworks/libswiftFoundation.dylib'>', codeSigningInfo='<_DVTCodeSigningInformation_Path: 0x7ff174a007a0; isSigned='1', isAdHocSigned='0', signingCertificate='<DVTSigningCertificate: 0x7ff1798924b0; name='Mac Developer: Steve Yu (QCZM92LM36)', hash='A52B44BBD862689AF0EF294359AA157AC8412312', serialNumber='4D234A6F50D04E9F', certificateKinds='(
    "1.2.840.113635.100.6.1.12"
), issueDate='2019-09-06 03:10:03 +0000''>', entitlements='(null)', teamID='HEQGGF6N89', identifier='com.apple.dt.runtime.swiftFoundation', executablePath='<DVTFilePath:0x7ff17d44a7a0:'/Users/wangjianzhi/Library/Developer/Xcode/Archives/2019-10-25/USB TPMS 2019-10-25, 11.56 AM.xcarchive/Products/Applications/USB TPMS.app/Contents/Frameworks/libswiftFoundation.dylib'>', hardenedRuntime='0'>'> to: /var/folders/cm/437_zr854_77wpn99kbnmpb40000gn/T/XcodeDistPipeline.~~~XxljcJ/entitlements~~~qzlPQq
2019-10-25 03:57:07 +0000  Running /usr/bin/codesign '-vvv' '--force' '--sign' 'FBE9FE29573F42878954CFA2E24091BE9E7102A0' '--entitlements' '/var/folders/cm/437_zr854_77wpn99kbnmpb40000gn/T/XcodeDistPipeline.~~~XxljcJ/entitlements~~~qzlPQq' '--preserve-metadata=identifier,flags,runtime' '--requirements' '=designated => anchor apple generic  and identifier "$self.identifier" and ((cert leaf[field.1.2.840.113635.100.6.1.9] exists) or ( certificate 1[field.1.2.840.113635.100.6.2.6] exists and certificate leaf[field.1.2.840.113635.100.6.1.13] exists  and certificate leaf[subject.OU] = "HEQGGF6N89" ))' '/var/folders/cm/437_zr854_77wpn99kbnmpb40000gn/T/XcodeDistPipeline.~~~XxljcJ/Root/Applications/USB TPMS.app/Contents/Frameworks/libswiftFoundation.dylib'
2019-10-25 03:57:07 +0000  /var/folders/cm/437_zr854_77wpn99kbnmpb40000gn/T/XcodeDistPipeline.~~~XxljcJ/Root/Applications/USB TPMS.app/Contents/Frameworks/libswiftFoundation.dylib: replacing existing signature
2019-10-25 03:57:07 +0000  /var/folders/cm/437_zr854_77wpn99kbnmpb40000gn/T/XcodeDistPipeline.~~~XxljcJ/Root/Applications/USB TPMS.app/Contents/Frameworks/libswiftFoundation.dylib: signed Mach-O thin (x86_64) [com.apple.dt.runtime.swiftFoundation]
2019-10-25 03:57:07 +0000  /usr/bin/codesign exited with 0
2019-10-25 03:57:07 +0000  Entitlements for <IDEDistributionItem: 0x7ff176df6060; bundleID='com.apple.dt.runtime.swiftIOKit', path='<DVTFilePath:0x7ff171af11a0:'/Users/wangjianzhi/Library/Developer/Xcode/Archives/2019-10-25/USB TPMS 2019-10-25, 11.56 AM.xcarchive/Products/Applications/USB TPMS.app/Contents/Frameworks/libswiftIOKit.dylib'>', codeSigningInfo='<_DVTCodeSigningInformation_Path: 0x7ff16f1363e0; isSigned='1', isAdHocSigned='0', signingCertificate='<DVTSigningCertificate: 0x7ff17b3e52d0; name='Mac Developer: Steve Yu (QCZM92LM36)', hash='A52B44BBD862689AF0EF294359AA157AC8412312', serialNumber='4D234A6F50D04E9F', certificateKinds='(
    "1.2.840.113635.100.6.1.12"
), issueDate='2019-09-06 03:10:03 +0000''>', entitlements='(null)', teamID='HEQGGF6N89', identifier='com.apple.dt.runtime.swiftIOKit', executablePath='<DVTFilePath:0x7ff171af11a0:'/Users/wangjianzhi/Library/Developer/Xcode/Archives/2019-10-25/USB TPMS 2019-10-25, 11.56 AM.xcarchive/Products/Applications/USB TPMS.app/Contents/Frameworks/libswiftIOKit.dylib'>', hardenedRuntime='0'>'>: {
}
2019-10-25 03:57:07 +0000  Writing entitlements for <IDEDistributionItem: 0x7ff176df6060; bundleID='com.apple.dt.runtime.swiftIOKit', path='<DVTFilePath:0x7ff171af11a0:'/Users/wangjianzhi/Library/Developer/Xcode/Archives/2019-10-25/USB TPMS 2019-10-25, 11.56 AM.xcarchive/Products/Applications/USB TPMS.app/Contents/Frameworks/libswiftIOKit.dylib'>', codeSigningInfo='<_DVTCodeSigningInformation_Path: 0x7ff16f1363e0; isSigned='1', isAdHocSigned='0', signingCertificate='<DVTSigningCertificate: 0x7ff1798924b0; name='Mac Developer: Steve Yu (QCZM92LM36)', hash='A52B44BBD862689AF0EF294359AA157AC8412312', serialNumber='4D234A6F50D04E9F', certificateKinds='(
    "1.2.840.113635.100.6.1.12"
), issueDate='2019-09-06 03:10:03 +0000''>', entitlements='(null)', teamID='HEQGGF6N89', identifier='com.apple.dt.runtime.swiftIOKit', executablePath='<DVTFilePath:0x7ff171af11a0:'/Users/wangjianzhi/Library/Developer/Xcode/Archives/2019-10-25/USB TPMS 2019-10-25, 11.56 AM.xcarchive/Products/Applications/USB TPMS.app/Contents/Frameworks/libswiftIOKit.dylib'>', hardenedRuntime='0'>'> to: /var/folders/cm/437_zr854_77wpn99kbnmpb40000gn/T/XcodeDistPipeline.~~~XxljcJ/entitlements~~~oN2OE1
2019-10-25 03:57:07 +0000  Running /usr/bin/codesign '-vvv' '--force' '--sign' 'FBE9FE29573F42878954CFA2E24091BE9E7102A0' '--entitlements' '/var/folders/cm/437_zr854_77wpn99kbnmpb40000gn/T/XcodeDistPipeline.~~~XxljcJ/entitlements~~~oN2OE1' '--preserve-metadata=identifier,flags,runtime' '--requirements' '=designated => anchor apple generic  and identifier "$self.identifier" and ((cert leaf[field.1.2.840.113635.100.6.1.9] exists) or ( certificate 1[field.1.2.840.113635.100.6.2.6] exists and certificate leaf[field.1.2.840.113635.100.6.1.13] exists  and certificate leaf[subject.OU] = "HEQGGF6N89" ))' '/var/folders/cm/437_zr854_77wpn99kbnmpb40000gn/T/XcodeDistPipeline.~~~XxljcJ/Root/Applications/USB TPMS.app/Contents/Frameworks/libswiftIOKit.dylib'
2019-10-25 03:57:07 +0000  /var/folders/cm/437_zr854_77wpn99kbnmpb40000gn/T/XcodeDistPipeline.~~~XxljcJ/Root/Applications/USB TPMS.app/Contents/Frameworks/libswiftIOKit.dylib: replacing existing signature
2019-10-25 03:57:07 +0000  /var/folders/cm/437_zr854_77wpn99kbnmpb40000gn/T/XcodeDistPipeline.~~~XxljcJ/Root/Applications/USB TPMS.app/Contents/Frameworks/libswiftIOKit.dylib: signed Mach-O thin (x86_64) [com.apple.dt.runtime.swiftIOKit]
2019-10-25 03:57:07 +0000  /usr/bin/codesign exited with 0
2019-10-25 03:57:07 +0000  Entitlements for <IDEDistributionItem: 0x7ff1783e18a0; bundleID='com.apple.dt.runtime.swiftObjectiveC', path='<DVTFilePath:0x7ff17428c590:'/Users/wangjianzhi/Library/Developer/Xcode/Archives/2019-10-25/USB TPMS 2019-10-25, 11.56 AM.xcarchive/Products/Applications/USB TPMS.app/Contents/Frameworks/libswiftObjectiveC.dylib'>', codeSigningInfo='<_DVTCodeSigningInformation_Path: 0x7ff17d4d27e0; isSigned='1', isAdHocSigned='0', signingCertificate='<DVTSigningCertificate: 0x7ff17cdf2d10; name='Mac Developer: Steve Yu (QCZM92LM36)', hash='A52B44BBD862689AF0EF294359AA157AC8412312', serialNumber='4D234A6F50D04E9F', certificateKinds='(
    "1.2.840.113635.100.6.1.12"
), issueDate='2019-09-06 03:10:03 +0000''>', entitlements='(null)', teamID='HEQGGF6N89', identifier='com.apple.dt.runtime.swiftObjectiveC', executablePath='<DVTFilePath:0x7ff17428c590:'/Users/wangjianzhi/Library/Developer/Xcode/Archives/2019-10-25/USB TPMS 2019-10-25, 11.56 AM.xcarchive/Products/Applications/USB TPMS.app/Contents/Frameworks/libswiftObjectiveC.dylib'>', hardenedRuntime='0'>'>: {
}
2019-10-25 03:57:07 +0000  Writing entitlements for <IDEDistributionItem: 0x7ff1783e18a0; bundleID='com.apple.dt.runtime.swiftObjectiveC', path='<DVTFilePath:0x7ff17428c590:'/Users/wangjianzhi/Library/Developer/Xcode/Archives/2019-10-25/USB TPMS 2019-10-25, 11.56 AM.xcarchive/Products/Applications/USB TPMS.app/Contents/Frameworks/libswiftObjectiveC.dylib'>', codeSigningInfo='<_DVTCodeSigningInformation_Path: 0x7ff17d4d27e0; isSigned='1', isAdHocSigned='0', signingCertificate='<DVTSigningCertificate: 0x7ff17cc91d80; name='Mac Developer: Steve Yu (QCZM92LM36)', hash='A52B44BBD862689AF0EF294359AA157AC8412312', serialNumber='4D234A6F50D04E9F', certificateKinds='(
    "1.2.840.113635.100.6.1.12"
), issueDate='2019-09-06 03:10:03 +0000''>', entitlements='(null)', teamID='HEQGGF6N89', identifier='com.apple.dt.runtime.swiftObjectiveC', executablePath='<DVTFilePath:0x7ff17428c590:'/Users/wangjianzhi/Library/Developer/Xcode/Archives/2019-10-25/USB TPMS 2019-10-25, 11.56 AM.xcarchive/Products/Applications/USB TPMS.app/Contents/Frameworks/libswiftObjectiveC.dylib'>', hardenedRuntime='0'>'> to: /var/folders/cm/437_zr854_77wpn99kbnmpb40000gn/T/XcodeDistPipeline.~~~XxljcJ/entitlements~~~T2K0DQ
2019-10-25 03:57:07 +0000  Running /usr/bin/codesign '-vvv' '--force' '--sign' 'FBE9FE29573F42878954CFA2E24091BE9E7102A0' '--entitlements' '/var/folders/cm/437_zr854_77wpn99kbnmpb40000gn/T/XcodeDistPipeline.~~~XxljcJ/entitlements~~~T2K0DQ' '--preserve-metadata=identifier,flags,runtime' '--requirements' '=designated => anchor apple generic  and identifier "$self.identifier" and ((cert leaf[field.1.2.840.113635.100.6.1.9] exists) or ( certificate 1[field.1.2.840.113635.100.6.2.6] exists and certificate leaf[field.1.2.840.113635.100.6.1.13] exists  and certificate leaf[subject.OU] = "HEQGGF6N89" ))' '/var/folders/cm/437_zr854_77wpn99kbnmpb40000gn/T/XcodeDistPipeline.~~~XxljcJ/Root/Applications/USB TPMS.app/Contents/Frameworks/libswiftObjectiveC.dylib'
2019-10-25 03:57:08 +0000  /var/folders/cm/437_zr854_77wpn99kbnmpb40000gn/T/XcodeDistPipeline.~~~XxljcJ/Root/Applications/USB TPMS.app/Contents/Frameworks/libswiftObjectiveC.dylib: replacing existing signature
2019-10-25 03:57:08 +0000  /var/folders/cm/437_zr854_77wpn99kbnmpb40000gn/T/XcodeDistPipeline.~~~XxljcJ/Root/Applications/USB TPMS.app/Contents/Frameworks/libswiftObjectiveC.dylib: signed Mach-O thin (x86_64) [com.apple.dt.runtime.swiftObjectiveC]
2019-10-25 03:57:08 +0000  /usr/bin/codesign exited with 0
2019-10-25 03:57:08 +0000  Entitlements for <IDEDistributionItem: 0x7ff176dfa290; bundleID='com.openreelsoftware.ORSSerialPort-Tests', path='<DVTFilePath:0x7ff18bc1fa20:'/Users/wangjianzhi/Library/Developer/Xcode/Archives/2019-10-25/USB TPMS 2019-10-25, 11.56 AM.xcarchive/Products/Applications/USB TPMS.app/Contents/PlugIns/ORSSerialPort Tests.xctest'>', codeSigningInfo='<_DVTCodeSigningInformation_Path: 0x7ff17b779b10; isSigned='1', isAdHocSigned='0', signingCertificate='<DVTSigningCertificate: 0x7ff182783230; name='Mac Developer: Steve Yu (QCZM92LM36)', hash='A52B44BBD862689AF0EF294359AA157AC8412312', serialNumber='4D234A6F50D04E9F', certificateKinds='(
    "1.2.840.113635.100.6.1.12"
), issueDate='2019-09-06 03:10:03 +0000''>', entitlements='(null)', teamID='HEQGGF6N89', identifier='com.openreelsoftware.ORSSerialPort-Tests', executablePath='<DVTFilePath:0x7ff174843d50:'/Users/wangjianzhi/Library/Developer/Xcode/Archives/2019-10-25/USB TPMS 2019-10-25, 11.56 AM.xcarchive/Products/Applications/USB TPMS.app/Contents/PlugIns/ORSSerialPort Tests.xctest/Contents/MacOS/ORSSerialPort Tests'>', hardenedRuntime='0'>'>: {
}
2019-10-25 03:57:08 +0000  Writing entitlements for <IDEDistributionItem: 0x7ff176dfa290; bundleID='com.openreelsoftware.ORSSerialPort-Tests', path='<DVTFilePath:0x7ff18bc1fa20:'/Users/wangjianzhi/Library/Developer/Xcode/Archives/2019-10-25/USB TPMS 2019-10-25, 11.56 AM.xcarchive/Products/Applications/USB TPMS.app/Contents/PlugIns/ORSSerialPort Tests.xctest'>', codeSigningInfo='<_DVTCodeSigningInformation_Path: 0x7ff17b779b10; isSigned='1', isAdHocSigned='0', signingCertificate='<DVTSigningCertificate: 0x7ff17d12ffb0; name='Mac Developer: Steve Yu (QCZM92LM36)', hash='A52B44BBD862689AF0EF294359AA157AC8412312', serialNumber='4D234A6F50D04E9F', certificateKinds='(
    "1.2.840.113635.100.6.1.12"
), issueDate='2019-09-06 03:10:03 +0000''>', entitlements='(null)', teamID='HEQGGF6N89', identifier='com.openreelsoftware.ORSSerialPort-Tests', executablePath='<DVTFilePath:0x7ff174843d50:'/Users/wangjianzhi/Library/Developer/Xcode/Archives/2019-10-25/USB TPMS 2019-10-25, 11.56 AM.xcarchive/Products/Applications/USB TPMS.app/Contents/PlugIns/ORSSerialPort Tests.xctest/Contents/MacOS/ORSSerialPort Tests'>', hardenedRuntime='0'>'> to: /var/folders/cm/437_zr854_77wpn99kbnmpb40000gn/T/XcodeDistPipeline.~~~XxljcJ/entitlements~~~fv6Yg2
2019-10-25 03:57:08 +0000  Running /usr/bin/codesign '-vvv' '--force' '--sign' 'FBE9FE29573F42878954CFA2E24091BE9E7102A0' '--entitlements' '/var/folders/cm/437_zr854_77wpn99kbnmpb40000gn/T/XcodeDistPipeline.~~~XxljcJ/entitlements~~~fv6Yg2' '--preserve-metadata=identifier,flags,runtime' '--requirements' '=designated => anchor apple generic  and identifier "$self.identifier" and ((cert leaf[field.1.2.840.113635.100.6.1.9] exists) or ( certificate 1[field.1.2.840.113635.100.6.2.6] exists and certificate leaf[field.1.2.840.113635.100.6.1.13] exists  and certificate leaf[subject.OU] = "HEQGGF6N89" ))' '/var/folders/cm/437_zr854_77wpn99kbnmpb40000gn/T/XcodeDistPipeline.~~~XxljcJ/Root/Applications/USB TPMS.app/Contents/PlugIns/ORSSerialPort Tests.xctest'
2019-10-25 03:57:08 +0000  /var/folders/cm/437_zr854_77wpn99kbnmpb40000gn/T/XcodeDistPipeline.~~~XxljcJ/Root/Applications/USB TPMS.app/Contents/PlugIns/ORSSerialPort Tests.xctest: replacing existing signature
2019-10-25 03:57:08 +0000  /var/folders/cm/437_zr854_77wpn99kbnmpb40000gn/T/XcodeDistPipeline.~~~XxljcJ/Root/Applications/USB TPMS.app/Contents/PlugIns/ORSSerialPort Tests.xctest: signed bundle with Mach-O thin (x86_64) [com.openreelsoftware.ORSSerialPort-Tests]
2019-10-25 03:57:08 +0000  /usr/bin/codesign exited with 0
2019-10-25 03:57:08 +0000  Entitlements for <IDEDistributionItem: 0x7ff178289fa0; bundleID='orange.macos.usbtpms', path='<DVTFilePath:0x7ff1776f2680:'/Users/wangjianzhi/Library/Developer/Xcode/Archives/2019-10-25/USB TPMS 2019-10-25, 11.56 AM.xcarchive/Products/Applications/USB TPMS.app'>', codeSigningInfo='<_DVTCodeSigningInformation_Path: 0x7ff16f281920; isSigned='1', isAdHocSigned='0', signingCertificate='<DVTSigningCertificate: 0x7ff17cdf2d10; name='Mac Developer: Steve Yu (QCZM92LM36)', hash='A52B44BBD862689AF0EF294359AA157AC8412312', serialNumber='4D234A6F50D04E9F', certificateKinds='(
    "1.2.840.113635.100.6.1.12"
), issueDate='2019-09-06 03:10:03 +0000''>', entitlements='{
    "com.apple.application-identifier" = "HEQGGF6N89.orange.macos.usbtpms";
    "com.apple.developer.team-identifier" = HEQGGF6N89;
}', teamID='HEQGGF6N89', identifier='orange.macos.usbtpms', executablePath='<DVTFilePath:0x7ff1775907b0:'/Users/wangjianzhi/Library/Developer/Xcode/Archives/2019-10-25/USB TPMS 2019-10-25, 11.56 AM.xcarchive/Products/Applications/USB TPMS.app/Contents/MacOS/USB TPMS'>', hardenedRuntime='0'>'>: {
    "com.apple.application-identifier" = "HEQGGF6N89.orange.macos.usbtpms";
    "com.apple.developer.team-identifier" = HEQGGF6N89;
}
2019-10-25 03:57:08 +0000  Writing entitlements for <IDEDistributionItem: 0x7ff178289fa0; bundleID='orange.macos.usbtpms', path='<DVTFilePath:0x7ff1776f2680:'/Users/wangjianzhi/Library/Developer/Xcode/Archives/2019-10-25/USB TPMS 2019-10-25, 11.56 AM.xcarchive/Products/Applications/USB TPMS.app'>', codeSigningInfo='<_DVTCodeSigningInformation_Path: 0x7ff16f281920; isSigned='1', isAdHocSigned='0', signingCertificate='<DVTSigningCertificate: 0x7ff17cc91d80; name='Mac Developer: Steve Yu (QCZM92LM36)', hash='A52B44BBD862689AF0EF294359AA157AC8412312', serialNumber='4D234A6F50D04E9F', certificateKinds='(
    "1.2.840.113635.100.6.1.12"
), issueDate='2019-09-06 03:10:03 +0000''>', entitlements='{
    "com.apple.application-identifier" = "HEQGGF6N89.orange.macos.usbtpms";
    "com.apple.developer.team-identifier" = HEQGGF6N89;
}', teamID='HEQGGF6N89', identifier='orange.macos.usbtpms', executablePath='<DVTFilePath:0x7ff1775907b0:'/Users/wangjianzhi/Library/Developer/Xcode/Archives/2019-10-25/USB TPMS 2019-10-25, 11.56 AM.xcarchive/Products/Applications/USB TPMS.app/Contents/MacOS/USB TPMS'>', hardenedRuntime='0'>'> to: /var/folders/cm/437_zr854_77wpn99kbnmpb40000gn/T/XcodeDistPipeline.~~~XxljcJ/entitlements~~~9kd2Nv
2019-10-25 03:57:08 +0000  Running /usr/bin/codesign '-vvv' '--force' '--sign' 'FBE9FE29573F42878954CFA2E24091BE9E7102A0' '--entitlements' '/var/folders/cm/437_zr854_77wpn99kbnmpb40000gn/T/XcodeDistPipeline.~~~XxljcJ/entitlements~~~9kd2Nv' '--preserve-metadata=identifier,flags,runtime' '--requirements' '=designated => anchor apple generic  and identifier "$self.identifier" and ((cert leaf[field.1.2.840.113635.100.6.1.9] exists) or ( certificate 1[field.1.2.840.113635.100.6.2.6] exists and certificate leaf[field.1.2.840.113635.100.6.1.13] exists  and certificate leaf[subject.OU] = "HEQGGF6N89" ))' '/var/folders/cm/437_zr854_77wpn99kbnmpb40000gn/T/XcodeDistPipeline.~~~XxljcJ/Root/Applications/USB TPMS.app'
2019-10-25 03:57:08 +0000  /var/folders/cm/437_zr854_77wpn99kbnmpb40000gn/T/XcodeDistPipeline.~~~XxljcJ/Root/Applications/USB TPMS.app: replacing existing signature
2019-10-25 03:57:08 +0000  /var/folders/cm/437_zr854_77wpn99kbnmpb40000gn/T/XcodeDistPipeline.~~~XxljcJ/Root/Applications/USB TPMS.app: signed app bundle with Mach-O thin (x86_64) [orange.macos.usbtpms]
2019-10-25 03:57:08 +0000  /usr/bin/codesign exited with 0
2019-10-25 03:57:08 +0000  Processing step: IDEDistributionZipODRItemStep
2019-10-25 03:57:08 +0000  Skipping step: IDEDistributionZipODRItemStep because it said so
2019-10-25 03:57:08 +0000  Skipping step: IDEDistributionZipODRItemStep because it said so
2019-10-25 03:57:08 +0000  Skipping step: IDEDistributionZipODRItemStep because it said so
2019-10-25 03:57:08 +0000  Skipping step: IDEDistributionZipODRItemStep because it said so
2019-10-25 03:57:08 +0000  Skipping step: IDEDistributionZipODRItemStep because it said so
2019-10-25 03:57:08 +0000  Skipping step: IDEDistributionZipODRItemStep because it said so
2019-10-25 03:57:08 +0000  Skipping step: IDEDistributionZipODRItemStep because it said so
2019-10-25 03:57:08 +0000  Skipping step: IDEDistributionZipODRItemStep because it said so
2019-10-25 03:57:08 +0000  Skipping step: IDEDistributionZipODRItemStep because it said so
2019-10-25 03:57:08 +0000  Skipping step: IDEDistributionZipODRItemStep because it said so
2019-10-25 03:57:08 +0000  Skipping step: IDEDistributionZipODRItemStep because it said so
2019-10-25 03:57:08 +0000  Skipping step: IDEDistributionZipODRItemStep because it said so
2019-10-25 03:57:08 +0000  Processing step: IDEDistributionSkipPackagingStep
2019-10-25 03:57:08 +0000  Processing step: IDEDistributionAppStoreInformationStep
2019-10-25 03:57:08 +0000  Skipping step: IDEDistributionAppStoreInformationStep because it said so
2019-10-25 03:57:08 +0000  Processing step: IDEDistributionGenerateProcessedDistributionItems
2019-10-25 03:57:08 +0000  Processing step: IDEDistributionCreateManifestStep
2019-10-25 03:57:08 +0000  Skipping step: IDEDistributionCreateManifestStep because it said so
